
****** Vitis HLS - High-Level Synthesis from C, C++ and OpenCL v2020.2 (64-bit)
  **** SW Build 3064766 on Wed Nov 18 09:12:47 MST 2020
  **** IP Build 3064653 on Wed Nov 18 14:17:31 MST 2020
    ** Copyright 1986-2020 Xilinx, Inc. All Rights Reserved.

source /opt/Xilinx/Vitis_HLS/2020.2/scripts/vitis_hls/hls.tcl -notrace
INFO: [HLS 200-10] Running '/opt/Xilinx/Vitis_HLS/2020.2/bin/unwrapped/lnx64.o/vitis_hls'
INFO: [HLS 200-10] For user 'abansod' on host 'pc096.mpifr-bonn.mpg.de' (Linux_x86_64 version 4.4.0-203-generic) on Tue Mar 16 17:38:32 CET 2021
INFO: [HLS 200-10] On os Ubuntu 16.04.7 LTS
INFO: [HLS 200-10] In directory '/.aux_mnt/fpgdeva/casperlibs/vitis/workspace/rtl_u280_kernel/vivado_rtl_kernel/rtl_kernel_wizard_0_ex/imports/hls'
Sourcing Tcl script './run_hls.tcl'
INFO: [HLS 200-1510] Running: open_project prj 
INFO: [HLS 200-10] Creating and opening project '/.aux_mnt/fpgdeva/casperlibs/vitis/workspace/rtl_u280_kernel/vivado_rtl_kernel/rtl_kernel_wizard_0_ex/imports/hls/prj'.
INFO: [HLS 200-1510] Running: open_solution sol -flow_target vitis 
INFO: [HLS 200-10] Creating and opening solution '/.aux_mnt/fpgdeva/casperlibs/vitis/workspace/rtl_u280_kernel/vivado_rtl_kernel/rtl_kernel_wizard_0_ex/imports/hls/prj/sol'.
INFO: [HLS 200-1505] Using flow_target 'vitis'
Resolution: For help on HLS 200-1505 see www.xilinx.com/cgi-bin/docs/rdoc?v=2020.2;t=hls+guidance;d=200-1505.html
INFO: [HLS 200-435] Setting 'open_solution -flow_target vitis' configuration: config_interface -m_axi_latency=64
INFO: [HLS 200-435] Setting 'open_solution -flow_target vitis' configuration: config_interface -m_axi_alignment_byte_size=64
INFO: [HLS 200-435] Setting 'open_solution -flow_target vitis' configuration: config_interface -m_axi_max_widen_bitwidth=512
INFO: [HLS 200-435] Setting 'open_solution -flow_target vitis' configuration: config_interface -m_axi_offset=slave
INFO: [HLS 200-435] Setting 'open_solution -flow_target vitis' configuration: config_rtl -register_reset_num=3
INFO: [HLS 200-1510] Running: set_part xcu280-fsvh2892-2L-e 
INFO: [HLS 200-10] Setting target device to 'xcu280-fsvh2892-2L-e'
INFO: [HLS 200-1510] Running: add_files ../rtl_kernel_wizard_0_cmodel.cpp 
INFO: [HLS 200-10] Adding design file '../rtl_kernel_wizard_0_cmodel.cpp' to the project
INFO: [HLS 200-1510] Running: set_top rtl_kernel_wizard_0 
INFO: [HLS 200-1510] Running: csynth_design 
INFO: [HLS 200-111] Finished File checks and directory preparation: CPU user time: 0.01 seconds. CPU system time: 0 seconds. Elapsed time: 0.01 seconds; current allocated memory: 154.140 MB.
INFO: [HLS 200-10] Analyzing design file '../rtl_kernel_wizard_0_cmodel.cpp' ... 
INFO: [HLS 200-111] Finished Source Code Analysis and Preprocessing: CPU user time: 3.1 seconds. CPU system time: 0.33 seconds. Elapsed time: 2.74 seconds; current allocated memory: 155.772 MB.
INFO: [HLS 200-777] Using interface defaults for 'Vitis' flow target.
INFO: [HLS 214-115] Multiple burst reads of length 256 and bit width 512 has been inferred on port 'A' (../rtl_kernel_wizard_0_cmodel.cpp:49:5)
INFO: [HLS 214-115] Multiple burst writes of length 256 and bit width 512 has been inferred on port 'A' (../rtl_kernel_wizard_0_cmodel.cpp:57:5)
INFO: [HLS 200-111] Finished Compiling Optimization and Transform: CPU user time: 3.35 seconds. CPU system time: 0.25 seconds. Elapsed time: 3.65 seconds; current allocated memory: 156.878 MB.
INFO: [HLS 200-111] Finished Checking Pragmas: CPU user time: 0 seconds. CPU system time: 0 seconds. Elapsed time: 0 seconds; current allocated memory: 156.879 MB.
INFO: [HLS 200-10] Starting code transformations ...
INFO: [HLS 200-111] Finished Standard Transforms: CPU user time: 0.04 seconds. CPU system time: 0 seconds. Elapsed time: 0.04 seconds; current allocated memory: 159.197 MB.
INFO: [HLS 200-10] Checking synthesizability ...
INFO: [HLS 200-111] Finished Checking Synthesizability: CPU user time: 0.04 seconds. CPU system time: 0 seconds. Elapsed time: 0.05 seconds; current allocated memory: 158.424 MB.
INFO: [XFORM 203-510] Pipelining loop 'Loop-2' in function 'rtl_kernel_wizard_0' automatically.
INFO: [XFORM 203-510] Pipelining loop 'VITIS_LOOP_52_1' (../rtl_kernel_wizard_0_cmodel.cpp:52) in function 'rtl_kernel_wizard_0' automatically.
INFO: [XFORM 203-510] Pipelining loop 'Loop-4' in function 'rtl_kernel_wizard_0' automatically.
INFO: [HLS 200-111] Finished Loop, function and other optimizations: CPU user time: 0.13 seconds. CPU system time: 0.01 seconds. Elapsed time: 0.14 seconds; current allocated memory: 178.906 MB.
INFO: [HLS 200-472] Inferring partial write operation for 'A_input_buffer' 
INFO: [HLS 200-472] Inferring partial write operation for 'A_output_buffer' (../rtl_kernel_wizard_0_cmodel.cpp:53:26)
INFO: [HLS 200-111] Finished Architecture Synthesis: CPU user time: 0.25 seconds. CPU system time: 0 seconds. Elapsed time: 0.27 seconds; current allocated memory: 172.273 MB.
INFO: [HLS 200-10] Starting hardware synthesis ...
INFO: [HLS 200-10] Synthesizing 'rtl_kernel_wizard_0' ...
INFO: [SYN 201-201] Setting up clock 'default' with a period of 10ns.
INFO: [HLS 200-10] ----------------------------------------------------------------
INFO: [HLS 200-42] -- Implementing module 'rtl_kernel_wizard_0' 
INFO: [HLS 200-10] ----------------------------------------------------------------
INFO: [SCHED 204-11] Starting scheduling ...
INFO: [SCHED 204-61] Pipelining loop 'Loop 1'.
INFO: [HLS 200-1470] Pipelining result : Target II = 1, Final II = 1, Depth = 3, loop 'Loop 1'
INFO: [SCHED 204-61] Pipelining loop 'VITIS_LOOP_52_1'.
INFO: [HLS 200-1470] Pipelining result : Target II = 1, Final II = 1, Depth = 2, loop 'VITIS_LOOP_52_1'
INFO: [SCHED 204-61] Pipelining loop 'Loop 3'.
INFO: [HLS 200-1470] Pipelining result : Target II = 1, Final II = 1, Depth = 3, loop 'Loop 3'
INFO: [SCHED 204-11] Finished scheduling.
INFO: [HLS 200-111] Finished Scheduling: CPU user time: 0.22 seconds. CPU system time: 0 seconds. Elapsed time: 0.28 seconds; current allocated memory: 172.951 MB.
INFO: [BIND 205-100] Starting micro-architecture generation ...
INFO: [BIND 205-101] Performing variable lifetime analysis.
INFO: [BIND 205-101] Exploring resource sharing.
INFO: [BIND 205-101] Binding ...
INFO: [BIND 205-100] Finished micro-architecture generation.
INFO: [HLS 200-111] Finished Binding: CPU user time: 0.49 seconds. CPU system time: 0 seconds. Elapsed time: 0.58 seconds; current allocated memory: 173.694 MB.
INFO: [HLS 200-10] ----------------------------------------------------------------
INFO: [HLS 200-10] -- Generating RTL for module 'rtl_kernel_wizard_0' 
INFO: [HLS 200-10] ----------------------------------------------------------------
WARNING: [RTGEN 206-101] Design contains AXI ports. Reset is fixed to synchronous and active low.
INFO: [RTGEN 206-500] Setting interface mode on port 'rtl_kernel_wizard_0/A' to 'm_axi'.
INFO: [RTGEN 206-500] Setting interface mode on port 'rtl_kernel_wizard_0/scalar00' to 's_axilite & ap_none'.
INFO: [RTGEN 206-500] Setting interface mode on port 'rtl_kernel_wizard_0/axi00_ptr0' to 's_axilite & ap_none'.
INFO: [RTGEN 206-500] Setting interface mode on function 'rtl_kernel_wizard_0' to 's_axilite & ap_ctrl_hs'.
INFO: [RTGEN 206-100] Bundling port 'scalar00', 'axi00_ptr0' to AXI-Lite port control.
INFO: [RTGEN 206-100] Finished creating RTL model for 'rtl_kernel_wizard_0'.
INFO: [HLS 200-111] Finished Creating RTL model: CPU user time: 0.15 seconds. CPU system time: 0.01 seconds. Elapsed time: 0.17 seconds; current allocated memory: 175.779 MB.
INFO: [RTMG 210-278] Implementing memory 'rtl_kernel_wizard_0_A_input_buffer_ram (RAM)' using auto RAMs.
INFO: [HLS 200-111] Finished Generating all RTL models: CPU user time: 0.84 seconds. CPU system time: 0.02 seconds. Elapsed time: 0.87 seconds; current allocated memory: 185.413 MB.
INFO: [VHDL 208-304] Generating VHDL RTL for rtl_kernel_wizard_0.
INFO: [VLOG 209-307] Generating Verilog RTL for rtl_kernel_wizard_0.
INFO: [HLS 200-1603] Design has MAXI bursts, see Vitis HLS GUI synthesis summary report for detailed information.
INFO: [HLS 200-790] **** Loop Constraint Status: All loop constraints were satisfied.
INFO: [HLS 200-789] **** Estimated Fmax: 136.99 MHz
INFO: [HLS 200-111] Finished Command csynth_design CPU user time: 8.7 seconds. CPU system time: 0.63 seconds. Elapsed time: 8.94 seconds; current allocated memory: 185.883 MB.
INFO: [HLS 200-112] Total CPU user time: 10.13 seconds. Total CPU system time: 1.09 seconds. Total elapsed time: 10.17 seconds; peak allocated memory: 185.413 MB.
INFO: [Common 17-206] Exiting vitis_hls at Tue Mar 16 17:38:42 2021...
