

================================================================
== Vitis HLS Report for 'example_stream_plus1_512_512_s'
================================================================
* Date:           Fri Mar 19 09:41:01 2021

* Version:        2020.2 (Build 3064766 on Wed Nov 18 09:12:47 MST 2020)
* Project:        prj
* Solution:       sol (Vitis Kernel Flow Target)
* Product family: virtexuplus
* Target device:  xcu280-fsvh2892-2L-e


================================================================
== Performance Estimates
================================================================
+ Timing: 
    * Summary: 
    +--------+----------+----------+------------+
    |  Clock |  Target  | Estimated| Uncertainty|
    +--------+----------+----------+------------+
    |ap_clk  |  10.00 ns|  0.880 ns|     2.70 ns|
    +--------+----------+----------+------------+

+ Latency: 
    * Summary: 
    +---------+---------+----------+----------+-----+-----+---------+
    |  Latency (cycles) |  Latency (absolute) |  Interval | Pipeline|
    |   min   |   max   |    min   |    max   | min | max |   Type  |
    +---------+---------+----------+----------+-----+-----+---------+
    |        ?|        ?|         ?|         ?|    ?|    ?|     none|
    +---------+---------+----------+----------+-----+-----+---------+

    + Detail: 
        * Instance: 
        N/A

        * Loop: 
        +-------------------+---------+---------+----------+-----------+-----------+------+----------+
        |                   |  Latency (cycles) | Iteration|  Initiation Interval  | Trip |          |
        |     Loop Name     |   min   |   max   |  Latency |  achieved |   target  | Count| Pipelined|
        +-------------------+---------+---------+----------+-----------+-----------+------+----------+
        |- VITIS_LOOP_95_1  |        ?|        ?|         1|          1|          1|     ?|       yes|
        +-------------------+---------+---------+----------+-----------+-----------+------+----------+

============================================================
+ Verbose Summary: Synthesis Manager
============================================================
InlineROM: 1
ExposeGlobal: 0
============================================================
+ Verbose Summary: CDFG Model
============================================================
IsTopModel: 0
ResetActiveHigh: 1
IsCombinational: 0
IsDatapathOnly: 0
HasWiredReturn: 1
HasMFsm: 0
HasVarLatency: 1
IsPipeline: 0
IsRtlPipelined: 0
IsInstanceOverlapped: 0
IsDontTouch: 0
HasImplIP: 0
IsGatedGlobalClock: 0

+ Individual pipeline summary: 
  * Pipeline-0: initiation interval (II) = 1, depth = 1


============================================================
+ Verbose Summary: Schedule
============================================================
* Number of FSM states : 3
* Pipeline : 1
  Pipeline-0 : II = 1, D = 1, States = { 2 }
* Dataflow Pipeline: 0

* FSM state transitions: 
1 --> 2 
2 --> 3 2 
3 --> 

* FSM state operations: 

State 1 <SV = 0> <Delay = 0.00>
ST_1 : Operation 4 [1/1] (0.00ns)   --->   "%specinterface_ln0 = specinterface void @_ssdm_op_SpecInterface, i1 %s_axis_V_last_V, i64 %s_axis_V_keep_V, i512 %s_axis_V_data_V, void @empty, i32 0, i32 0, void @empty_0, i32 0, i32 0, void @empty_1, void @empty_1, void @empty_1, i32 0, i32 0, i32 0, i32 0, void @empty_1, void @empty_1"   --->   Operation 4 'specinterface' 'specinterface_ln0' <Predicate = true> <Delay = 0.00>
ST_1 : Operation 5 [1/1] (0.00ns)   --->   "%specinterface_ln0 = specinterface void @_ssdm_op_SpecInterface, i1 %m_axis_V_last_V, i64 %m_axis_V_keep_V, i512 %m_axis_V_data_V, void @empty, i32 0, i32 0, void @empty_0, i32 0, i32 0, void @empty_1, void @empty_1, void @empty_1, i32 0, i32 0, i32 0, i32 0, void @empty_1, void @empty_1"   --->   Operation 5 'specinterface' 'specinterface_ln0' <Predicate = true> <Delay = 0.00>
ST_1 : Operation 6 [1/1] (0.00ns)   --->   "%specpipeline_ln0 = specpipeline void @_ssdm_op_SpecPipeline, i32 4294967295, i32 0, i32 1, i32 0, void @p_str"   --->   Operation 6 'specpipeline' 'specpipeline_ln0' <Predicate = true> <Delay = 0.00>
ST_1 : Operation 7 [1/1] (0.00ns)   --->   "%br_ln0 = br void %_Z11read_streamILi512ELi512EEvRN3hls6streamI9qdma_axisIXT_ELm0ELm0ELm0EELi0EEERS2_IXT0_ELm0ELm0ELm0EE.exit"   --->   Operation 7 'br' 'br_ln0' <Predicate = true> <Delay = 0.00>

State 2 <SV = 1> <Delay = 0.88>
ST_2 : Operation 8 [1/1] (0.00ns)   --->   "%specloopname_ln96 = specloopname void @_ssdm_op_SpecLoopName, void @empty_6" [../rtl_kernel_wizard_1_cmodel.cpp:96]   --->   Operation 8 'specloopname' 'specloopname_ln96' <Predicate = true> <Delay = 0.00>
ST_2 : Operation 9 [1/1] (0.00ns)   --->   "%empty = read i577 @_ssdm_op_Read.axis.volatile.i512P0A.i64P0A.i1P0A, i512 %s_axis_V_data_V, i64 %s_axis_V_keep_V, i1 %s_axis_V_last_V"   --->   Operation 9 'read' 'empty' <Predicate = true> <Delay = 0.00> <CoreInst = "axis">   --->   Core 123 'axis' <Latency = 0> <II = 1> <Delay = 1.00> <Adapter> <Opcode : >
ST_2 : Operation 10 [1/1] (0.00ns)   --->   "%tmp_V = extractvalue i577 %empty"   --->   Operation 10 'extractvalue' 'tmp_V' <Predicate = true> <Delay = 0.00>
ST_2 : Operation 11 [1/1] (0.00ns)   --->   "%tmp_V_1 = extractvalue i577 %empty"   --->   Operation 11 'extractvalue' 'tmp_V_1' <Predicate = true> <Delay = 0.00>
ST_2 : Operation 12 [1/1] (0.00ns)   --->   "%acc_last_V = extractvalue i577 %empty"   --->   Operation 12 'extractvalue' 'acc_last_V' <Predicate = true> <Delay = 0.00>
ST_2 : Operation 13 [1/1] (0.00ns)   --->   "%trunc_ln674 = trunc i512 %tmp_V"   --->   Operation 13 'trunc' 'trunc_ln674' <Predicate = true> <Delay = 0.00>
ST_2 : Operation 14 [1/1] (0.88ns)   --->   "%add_ln215 = add i32 %trunc_ln674, i32 1"   --->   Operation 14 'add' 'add_ln215' <Predicate = true> <Delay = 0.88> <CoreInst = "Adder">   --->   Core 1 'Adder' <Latency = 0> <II = 1> <Delay = 0.88> <FuncUnit> <Opcode : 'add' 'sub'> <InPorts = 2> <OutPorts = 1>
ST_2 : Operation 15 [1/1] (0.00ns)   --->   "%p_Result_3_1 = partselect i32 @_ssdm_op_PartSelect.i32.i512.i32.i32, i512 %tmp_V, i32 32, i32 63"   --->   Operation 15 'partselect' 'p_Result_3_1' <Predicate = true> <Delay = 0.00>
ST_2 : Operation 16 [1/1] (0.88ns)   --->   "%add_ln215_1 = add i32 %p_Result_3_1, i32 1"   --->   Operation 16 'add' 'add_ln215_1' <Predicate = true> <Delay = 0.88> <CoreInst = "Adder">   --->   Core 1 'Adder' <Latency = 0> <II = 1> <Delay = 0.88> <FuncUnit> <Opcode : 'add' 'sub'> <InPorts = 2> <OutPorts = 1>
ST_2 : Operation 17 [1/1] (0.00ns)   --->   "%p_Result_3_2 = partselect i32 @_ssdm_op_PartSelect.i32.i512.i32.i32, i512 %tmp_V, i32 64, i32 95"   --->   Operation 17 'partselect' 'p_Result_3_2' <Predicate = true> <Delay = 0.00>
ST_2 : Operation 18 [1/1] (0.88ns)   --->   "%add_ln215_2 = add i32 %p_Result_3_2, i32 1"   --->   Operation 18 'add' 'add_ln215_2' <Predicate = true> <Delay = 0.88> <CoreInst = "Adder">   --->   Core 1 'Adder' <Latency = 0> <II = 1> <Delay = 0.88> <FuncUnit> <Opcode : 'add' 'sub'> <InPorts = 2> <OutPorts = 1>
ST_2 : Operation 19 [1/1] (0.00ns)   --->   "%p_Result_3_3 = partselect i32 @_ssdm_op_PartSelect.i32.i512.i32.i32, i512 %tmp_V, i32 96, i32 127"   --->   Operation 19 'partselect' 'p_Result_3_3' <Predicate = true> <Delay = 0.00>
ST_2 : Operation 20 [1/1] (0.88ns)   --->   "%add_ln215_3 = add i32 %p_Result_3_3, i32 1"   --->   Operation 20 'add' 'add_ln215_3' <Predicate = true> <Delay = 0.88> <CoreInst = "Adder">   --->   Core 1 'Adder' <Latency = 0> <II = 1> <Delay = 0.88> <FuncUnit> <Opcode : 'add' 'sub'> <InPorts = 2> <OutPorts = 1>
ST_2 : Operation 21 [1/1] (0.00ns)   --->   "%p_Result_3_4 = partselect i32 @_ssdm_op_PartSelect.i32.i512.i32.i32, i512 %tmp_V, i32 128, i32 159"   --->   Operation 21 'partselect' 'p_Result_3_4' <Predicate = true> <Delay = 0.00>
ST_2 : Operation 22 [1/1] (0.88ns)   --->   "%add_ln215_4 = add i32 %p_Result_3_4, i32 1"   --->   Operation 22 'add' 'add_ln215_4' <Predicate = true> <Delay = 0.88> <CoreInst = "Adder">   --->   Core 1 'Adder' <Latency = 0> <II = 1> <Delay = 0.88> <FuncUnit> <Opcode : 'add' 'sub'> <InPorts = 2> <OutPorts = 1>
ST_2 : Operation 23 [1/1] (0.00ns)   --->   "%p_Result_3_5 = partselect i32 @_ssdm_op_PartSelect.i32.i512.i32.i32, i512 %tmp_V, i32 160, i32 191"   --->   Operation 23 'partselect' 'p_Result_3_5' <Predicate = true> <Delay = 0.00>
ST_2 : Operation 24 [1/1] (0.88ns)   --->   "%add_ln215_5 = add i32 %p_Result_3_5, i32 1"   --->   Operation 24 'add' 'add_ln215_5' <Predicate = true> <Delay = 0.88> <CoreInst = "Adder">   --->   Core 1 'Adder' <Latency = 0> <II = 1> <Delay = 0.88> <FuncUnit> <Opcode : 'add' 'sub'> <InPorts = 2> <OutPorts = 1>
ST_2 : Operation 25 [1/1] (0.00ns)   --->   "%p_Result_3_6 = partselect i32 @_ssdm_op_PartSelect.i32.i512.i32.i32, i512 %tmp_V, i32 192, i32 223"   --->   Operation 25 'partselect' 'p_Result_3_6' <Predicate = true> <Delay = 0.00>
ST_2 : Operation 26 [1/1] (0.88ns)   --->   "%add_ln215_6 = add i32 %p_Result_3_6, i32 1"   --->   Operation 26 'add' 'add_ln215_6' <Predicate = true> <Delay = 0.88> <CoreInst = "Adder">   --->   Core 1 'Adder' <Latency = 0> <II = 1> <Delay = 0.88> <FuncUnit> <Opcode : 'add' 'sub'> <InPorts = 2> <OutPorts = 1>
ST_2 : Operation 27 [1/1] (0.00ns)   --->   "%p_Result_3_7 = partselect i32 @_ssdm_op_PartSelect.i32.i512.i32.i32, i512 %tmp_V, i32 224, i32 255"   --->   Operation 27 'partselect' 'p_Result_3_7' <Predicate = true> <Delay = 0.00>
ST_2 : Operation 28 [1/1] (0.88ns)   --->   "%add_ln215_7 = add i32 %p_Result_3_7, i32 1"   --->   Operation 28 'add' 'add_ln215_7' <Predicate = true> <Delay = 0.88> <CoreInst = "Adder">   --->   Core 1 'Adder' <Latency = 0> <II = 1> <Delay = 0.88> <FuncUnit> <Opcode : 'add' 'sub'> <InPorts = 2> <OutPorts = 1>
ST_2 : Operation 29 [1/1] (0.00ns)   --->   "%p_Result_3_8 = partselect i32 @_ssdm_op_PartSelect.i32.i512.i32.i32, i512 %tmp_V, i32 256, i32 287"   --->   Operation 29 'partselect' 'p_Result_3_8' <Predicate = true> <Delay = 0.00>
ST_2 : Operation 30 [1/1] (0.88ns)   --->   "%add_ln215_8 = add i32 %p_Result_3_8, i32 1"   --->   Operation 30 'add' 'add_ln215_8' <Predicate = true> <Delay = 0.88> <CoreInst = "Adder">   --->   Core 1 'Adder' <Latency = 0> <II = 1> <Delay = 0.88> <FuncUnit> <Opcode : 'add' 'sub'> <InPorts = 2> <OutPorts = 1>
ST_2 : Operation 31 [1/1] (0.00ns)   --->   "%p_Result_3_9 = partselect i32 @_ssdm_op_PartSelect.i32.i512.i32.i32, i512 %tmp_V, i32 288, i32 319"   --->   Operation 31 'partselect' 'p_Result_3_9' <Predicate = true> <Delay = 0.00>
ST_2 : Operation 32 [1/1] (0.88ns)   --->   "%add_ln215_9 = add i32 %p_Result_3_9, i32 1"   --->   Operation 32 'add' 'add_ln215_9' <Predicate = true> <Delay = 0.88> <CoreInst = "Adder">   --->   Core 1 'Adder' <Latency = 0> <II = 1> <Delay = 0.88> <FuncUnit> <Opcode : 'add' 'sub'> <InPorts = 2> <OutPorts = 1>
ST_2 : Operation 33 [1/1] (0.00ns)   --->   "%p_Result_3_s = partselect i32 @_ssdm_op_PartSelect.i32.i512.i32.i32, i512 %tmp_V, i32 320, i32 351"   --->   Operation 33 'partselect' 'p_Result_3_s' <Predicate = true> <Delay = 0.00>
ST_2 : Operation 34 [1/1] (0.88ns)   --->   "%add_ln215_10 = add i32 %p_Result_3_s, i32 1"   --->   Operation 34 'add' 'add_ln215_10' <Predicate = true> <Delay = 0.88> <CoreInst = "Adder">   --->   Core 1 'Adder' <Latency = 0> <II = 1> <Delay = 0.88> <FuncUnit> <Opcode : 'add' 'sub'> <InPorts = 2> <OutPorts = 1>
ST_2 : Operation 35 [1/1] (0.00ns)   --->   "%p_Result_3_10 = partselect i32 @_ssdm_op_PartSelect.i32.i512.i32.i32, i512 %tmp_V, i32 352, i32 383"   --->   Operation 35 'partselect' 'p_Result_3_10' <Predicate = true> <Delay = 0.00>
ST_2 : Operation 36 [1/1] (0.88ns)   --->   "%add_ln215_11 = add i32 %p_Result_3_10, i32 1"   --->   Operation 36 'add' 'add_ln215_11' <Predicate = true> <Delay = 0.88> <CoreInst = "Adder">   --->   Core 1 'Adder' <Latency = 0> <II = 1> <Delay = 0.88> <FuncUnit> <Opcode : 'add' 'sub'> <InPorts = 2> <OutPorts = 1>
ST_2 : Operation 37 [1/1] (0.00ns)   --->   "%p_Result_3_11 = partselect i32 @_ssdm_op_PartSelect.i32.i512.i32.i32, i512 %tmp_V, i32 384, i32 415"   --->   Operation 37 'partselect' 'p_Result_3_11' <Predicate = true> <Delay = 0.00>
ST_2 : Operation 38 [1/1] (0.88ns)   --->   "%add_ln215_12 = add i32 %p_Result_3_11, i32 1"   --->   Operation 38 'add' 'add_ln215_12' <Predicate = true> <Delay = 0.88> <CoreInst = "Adder">   --->   Core 1 'Adder' <Latency = 0> <II = 1> <Delay = 0.88> <FuncUnit> <Opcode : 'add' 'sub'> <InPorts = 2> <OutPorts = 1>
ST_2 : Operation 39 [1/1] (0.00ns)   --->   "%p_Result_3_12 = partselect i32 @_ssdm_op_PartSelect.i32.i512.i32.i32, i512 %tmp_V, i32 416, i32 447"   --->   Operation 39 'partselect' 'p_Result_3_12' <Predicate = true> <Delay = 0.00>
ST_2 : Operation 40 [1/1] (0.88ns)   --->   "%add_ln215_13 = add i32 %p_Result_3_12, i32 1"   --->   Operation 40 'add' 'add_ln215_13' <Predicate = true> <Delay = 0.88> <CoreInst = "Adder">   --->   Core 1 'Adder' <Latency = 0> <II = 1> <Delay = 0.88> <FuncUnit> <Opcode : 'add' 'sub'> <InPorts = 2> <OutPorts = 1>
ST_2 : Operation 41 [1/1] (0.00ns)   --->   "%p_Result_3_13 = partselect i32 @_ssdm_op_PartSelect.i32.i512.i32.i32, i512 %tmp_V, i32 448, i32 479"   --->   Operation 41 'partselect' 'p_Result_3_13' <Predicate = true> <Delay = 0.00>
ST_2 : Operation 42 [1/1] (0.88ns)   --->   "%add_ln215_14 = add i32 %p_Result_3_13, i32 1"   --->   Operation 42 'add' 'add_ln215_14' <Predicate = true> <Delay = 0.88> <CoreInst = "Adder">   --->   Core 1 'Adder' <Latency = 0> <II = 1> <Delay = 0.88> <FuncUnit> <Opcode : 'add' 'sub'> <InPorts = 2> <OutPorts = 1>
ST_2 : Operation 43 [1/1] (0.00ns)   --->   "%p_Result_3_14 = partselect i32 @_ssdm_op_PartSelect.i32.i512.i32.i32, i512 %tmp_V, i32 480, i32 511"   --->   Operation 43 'partselect' 'p_Result_3_14' <Predicate = true> <Delay = 0.00>
ST_2 : Operation 44 [1/1] (0.88ns)   --->   "%add_ln215_15 = add i32 %p_Result_3_14, i32 1"   --->   Operation 44 'add' 'add_ln215_15' <Predicate = true> <Delay = 0.88> <CoreInst = "Adder">   --->   Core 1 'Adder' <Latency = 0> <II = 1> <Delay = 0.88> <FuncUnit> <Opcode : 'add' 'sub'> <InPorts = 2> <OutPorts = 1>
ST_2 : Operation 45 [1/1] (0.00ns)   --->   "%p_Result_4_s = bitconcatenate i512 @_ssdm_op_BitConcatenate.i512.i32.i32.i32.i32.i32.i32.i32.i32.i32.i32.i32.i32.i32.i32.i32.i32, i32 %add_ln215_15, i32 %add_ln215_14, i32 %add_ln215_13, i32 %add_ln215_12, i32 %add_ln215_11, i32 %add_ln215_10, i32 %add_ln215_9, i32 %add_ln215_8, i32 %add_ln215_7, i32 %add_ln215_6, i32 %add_ln215_5, i32 %add_ln215_4, i32 %add_ln215_3, i32 %add_ln215_2, i32 %add_ln215_1, i32 %add_ln215"   --->   Operation 45 'bitconcatenate' 'p_Result_4_s' <Predicate = true> <Delay = 0.00>
ST_2 : Operation 46 [1/1] (0.00ns)   --->   "%write_ln401 = write void @_ssdm_op_Write.axis.volatile.i512P0A.i64P0A.i1P0A, i512 %m_axis_V_data_V, i64 %m_axis_V_keep_V, i1 %m_axis_V_last_V, i512 %p_Result_4_s, i64 %tmp_V_1, i1 %acc_last_V"   --->   Operation 46 'write' 'write_ln401' <Predicate = true> <Delay = 0.00> <CoreInst = "axis">   --->   Core 123 'axis' <Latency = 0> <II = 1> <Delay = 1.00> <Adapter> <Opcode : >
ST_2 : Operation 47 [1/1] (0.00ns)   --->   "%specpipeline_ln0 = specpipeline void @_ssdm_op_SpecPipeline, i32 4294967295, i32 0, i32 1, i32 0, void @p_str"   --->   Operation 47 'specpipeline' 'specpipeline_ln0' <Predicate = true> <Delay = 0.00>
ST_2 : Operation 48 [1/1] (0.00ns)   --->   "%br_ln95 = br i1 %acc_last_V, void %_Z11read_streamILi512ELi512EEvRN3hls6streamI9qdma_axisIXT_ELm0ELm0ELm0EELi0EEERS2_IXT0_ELm0ELm0ELm0EE.exit, void" [../rtl_kernel_wizard_1_cmodel.cpp:95]   --->   Operation 48 'br' 'br_ln95' <Predicate = true> <Delay = 0.00>

State 3 <SV = 2> <Delay = 0.00>
ST_3 : Operation 49 [1/1] (0.00ns)   --->   "%ret_ln104 = ret" [../rtl_kernel_wizard_1_cmodel.cpp:104]   --->   Operation 49 'ret' 'ret_ln104' <Predicate = true> <Delay = 0.00>


============================================================
+ Verbose Summary: Timing violations
============================================================
Target clock period: 10ns, clock uncertainty: 2.7ns.

 <State 1>: 0ns
The critical path consists of the following:

 <State 2>: 0.88ns
The critical path consists of the following:
	axis read on port 's_axis_V_data_V' [13]  (0 ns)
	'add' operation ('add_ln215') [18]  (0.88 ns)

 <State 3>: 0ns
The critical path consists of the following:


============================================================
+ Verbose Summary: Binding
============================================================
N/A
* FSMD analyzer results:
  - Output states:
 - Input state : 
  - Chain level:
	State 1
	State 2
	State 3


============================================================
+ Verbose Summary: Datapath Resource usage 
============================================================
N/A
