

================================================================
== Vitis HLS Report for 'example_stream_plus1_512_512_s'
================================================================
* Date:           Fri Mar 19 09:41:01 2021

* Version:        2020.2 (Build 3064766 on Wed Nov 18 09:12:47 MST 2020)
* Project:        prj
* Solution:       sol (Vitis Kernel Flow Target)
* Product family: virtexuplus
* Target device:  xcu280-fsvh2892-2L-e


================================================================
== Performance Estimates
================================================================
+ Timing: 
    * Summary: 
    +--------+----------+----------+------------+
    |  Clock |  Target  | Estimated| Uncertainty|
    +--------+----------+----------+------------+
    |ap_clk  |  10.00 ns|  0.880 ns|     2.70 ns|
    +--------+----------+----------+------------+

+ Latency: 
    * Summary: 
    +---------+---------+----------+----------+-----+-----+---------+
    |  Latency (cycles) |  Latency (absolute) |  Interval | Pipeline|
    |   min   |   max   |    min   |    max   | min | max |   Type  |
    +---------+---------+----------+----------+-----+-----+---------+
    |        ?|        ?|         ?|         ?|    ?|    ?|     none|
    +---------+---------+----------+----------+-----+-----+---------+

    + Detail: 
        * Instance: 
        N/A

        * Loop: 
        +-------------------+---------+---------+----------+-----------+-----------+------+----------+
        |                   |  Latency (cycles) | Iteration|  Initiation Interval  | Trip |          |
        |     Loop Name     |   min   |   max   |  Latency |  achieved |   target  | Count| Pipelined|
        +-------------------+---------+---------+----------+-----------+-----------+------+----------+
        |- VITIS_LOOP_95_1  |        ?|        ?|         1|          1|          1|     ?|       yes|
        +-------------------+---------+---------+----------+-----------+-----------+------+----------+

============================================================
+ Verbose Summary: Synthesis Manager
============================================================
InlineROM: 1
ExposeGlobal: 0
============================================================
+ Verbose Summary: CDFG Model
============================================================
IsTopModel: 0
ResetActiveHigh: 1
IsCombinational: 0
IsDatapathOnly: 0
HasWiredReturn: 1
HasMFsm: 0
HasVarLatency: 1
IsPipeline: 0
IsRtlPipelined: 0
IsInstanceOverlapped: 0
IsDontTouch: 0
HasImplIP: 0
IsGatedGlobalClock: 0

+ Individual pipeline summary: 
  * Pipeline-0: initiation interval (II) = 1, depth = 1


============================================================
+ Verbose Summary: Schedule
============================================================
* Number of FSM states : 3
* Pipeline : 1
  Pipeline-0 : II = 1, D = 1, States = { 2 }
* Dataflow Pipeline: 0

* FSM state transitions: 
1 --> 2 
2 --> 3 2 
3 --> 

* FSM state operations: 

State 1 <SV = 0> <Delay = 0.00>
ST_1 : Operation 4 [1/1] (0.00ns)   --->   "%specinterface_ln0 = specinterface void @_ssdm_op_SpecInterface, i1 %s_axis_V_last_V, i64 %s_axis_V_keep_V, i512 %s_axis_V_data_V, void @empty, i32 0, i32 0, void @empty_0, i32 0, i32 0, void @empty_1, void @empty_1, void @empty_1, i32 0, i32 0, i32 0, i32 0, void @empty_1, void @empty_1"   --->   Operation 4 'specinterface' 'specinterface_ln0' <Predicate = true> <Delay = 0.00>
ST_1 : Operation 5 [1/1] (0.00ns)   --->   "%specinterface_ln0 = specinterface void @_ssdm_op_SpecInterface, i1 %m_axis_V_last_V, i64 %m_axis_V_keep_V, i512 %m_axis_V_data_V, void @empty, i32 0, i32 0, void @empty_0, i32 0, i32 0, void @empty_1, void @empty_1, void @empty_1, i32 0, i32 0, i32 0, i32 0, void @empty_1, void @empty_1"   --->   Operation 5 'specinterface' 'specinterface_ln0' <Predicate = true> <Delay = 0.00>
ST_1 : Operation 6 [1/1] (0.00ns)   --->   "%specpipeline_ln0 = specpipeline void @_ssdm_op_SpecPipeline, i32 4294967295, i32 0, i32 1, i32 0, void @p_str"   --->   Operation 6 'specpipeline' 'specpipeline_ln0' <Predicate = true> <Delay = 0.00>
ST_1 : Operation 7 [1/1] (0.00ns)   --->   "%br_ln0 = br void %_Z11read_streamILi512ELi512EEvRN3hls6streamI9qdma_axisIXT_ELm0ELm0ELm0EELi0EEERS2_IXT0_ELm0ELm0ELm0EE.exit"   --->   Operation 7 'br' 'br_ln0' <Predicate = true> <Delay = 0.00>

State 2 <SV = 1> <Delay = 0.88>
ST_2 : Operation 8 [1/1] (0.00ns)   --->   "%specloopname_ln96 = specloopname void @_ssdm_op_SpecLoopName, void @empty_6" [../rtl_kernel_wizard_1_cmodel.cpp:96]   --->   Operation 8 'specloopname' 'specloopname_ln96' <Predicate = true> <Delay = 0.00>
ST_2 : Operation 9 [1/1] (0.00ns)   --->   "%empty = read i577 @_ssdm_op_Read.axis.volatile.i512P0A.i64P0A.i1P0A, i512 %s_axis_V_data_V, i64 %s_axis_V_keep_V, i1 %s_axis_V_last_V"   --->   Operation 9 'read' 'empty' <Predicate = true> <Delay = 0.00> <CoreInst = "axis">   --->   Core 123 'axis' <Latency = 0> <II = 1> <Delay = 1.00> <Adapter> <Opcode : >
ST_2 : Operation 10 [1/1] (0.00ns)   --->   "%tmp_V = extractvalue i577 %empty"   --->   Operation 10 'extractvalue' 'tmp_V' <Predicate = true> <Delay = 0.00>
ST_2 : Operation 11 [1/1] (0.00ns)   --->   "%tmp_V_1 = extractvalue i577 %empty"   --->   Operation 11 'extractvalue' 'tmp_V_1' <Predicate = true> <Delay = 0.00>
ST_2 : Operation 12 [1/1] (0.00ns)   --->   "%acc_last_V = extractvalue i577 %empty"   --->   Operation 12 'extractvalue' 'acc_last_V' <Predicate = true> <Delay = 0.00>
ST_2 : Operation 13 [1/1] (0.00ns)   --->   "%trunc_ln674 = trunc i512 %tmp_V"   --->   Operation 13 'trunc' 'trunc_ln674' <Predicate = true> <Delay = 0.00>
ST_2 : Operation 14 [1/1] (0.88ns)   --->   "%add_ln215 = add i32 %trunc_ln674, i32 1"   --->   Operation 14 'add' 'add_ln215' <Predicate = true> <Delay = 0.88> <CoreInst = "Adder">   --->   Core 1 'Adder' <Latency = 0> <II = 1> <Delay = 0.88> <FuncUnit> <Opcode : 'add' 'sub'> <InPorts = 2> <OutPorts = 1>
ST_2 : Operation 15 [1/1] (0.00ns)   --->   "%p_Result_3_1 = partselect i32 @_ssdm_op_PartSelect.i32.i512.i32.i32, i512 %tmp_V, i32 32, i32 63"   --->   Operation 15 'partselect' 'p_Result_3_1' <Predicate = true> <Delay = 0.00>
ST_2 : Operation 16 [1/1] (0.88ns)   --->   "%add_ln215_1 = add i32 %p_Result_3_1, i32 1"   --->   Operation 16 'add' 'add_ln215_1' <Predicate = true> <Delay = 0.88> <CoreInst = "Adder">   --->   Core 1 'Adder' <Latency = 0> <II = 1> <Delay = 0.88> <FuncUnit> <Opcode : 'add' 'sub'> <InPorts = 2> <OutPorts = 1>
ST_2 : Operation 17 [1/1] (0.00ns)   --->   "%p_Result_3_2 = partselect i32 @_ssdm_op_PartSelect.i32.i512.i32.i32, i512 %tmp_V, i32 64, i32 95"   --->   Operation 17 'partselect' 'p_Result_3_2' <Predicate = true> <Delay = 0.00>
ST_2 : Operation 18 [1/1] (0.88ns)   --->   "%add_ln215_2 = add i32 %p_Result_3_2, i32 1"   --->   Operation 18 'add' 'add_ln215_2' <Predicate = true> <Delay = 0.88> <CoreInst = "Adder">   --->   Core 1 'Adder' <Latency = 0> <II = 1> <Delay = 0.88> <FuncUnit> <Opcode : 'add' 'sub'> <InPorts = 2> <OutPorts = 1>
ST_2 : Operation 19 [1/1] (0.00ns)   --->   "%p_Result_3_3 = partselect i32 @_ssdm_op_PartSelect.i32.i512.i32.i32, i512 %tmp_V, i32 96, i32 127"   --->   Operation 19 'partselect' 'p_Result_3_3' <Predicate = true> <Delay = 0.00>
ST_2 : Operation 20 [1/1] (0.88ns)   --->   "%add_ln215_3 = add i32 %p_Result_3_3, i32 1"   --->   Operation 20 'add' 'add_ln215_3' <Predicate = true> <Delay = 0.88> <CoreInst = "Adder">   --->   Core 1 'Adder' <Latency = 0> <II = 1> <Delay = 0.88> <FuncUnit> <Opcode : 'add' 'sub'> <InPorts = 2> <OutPorts = 1>
ST_2 : Operation 21 [1/1] (0.00ns)   --->   "%p_Result_3_4 = partselect i32 @_ssdm_op_PartSelect.i32.i512.i32.i32, i512 %tmp_V, i32 128, i32 159"   --->   Operation 21 'partselect' 'p_Result_3_4' <Predicate = true> <Delay = 0.00>
ST_2 : Operation 22 [1/1] (0.88ns)   --->   "%add_ln215_4 = add i32 %p_Result_3_4, i32 1"   --->   Operation 22 'add' 'add_ln215_4' <Predicate = true> <Delay = 0.88> <CoreInst = "Adder">   --->   Core 1 'Adder' <Latency = 0> <II = 1> <Delay = 0.88> <FuncUnit> <Opcode : 'add' 'sub'> <InPorts = 2> <OutPorts = 1>
ST_2 : Operation 23 [1/1] (0.00ns)   --->   "%p_Result_3_5 = partselect i32 @_ssdm_op_PartSelect.i32.i512.i32.i32, i512 %tmp_V, i32 160, i32 191"   --->   Operation 23 'partselect' 'p_Result_3_5' <Predicate = true> <Delay = 0.00>
ST_2 : Operation 24 [1/1] (0.88ns)   --->   "%add_ln215_5 = add i32 %p_Result_3_5, i32 1"   --->   Operation 24 'add' 'add_ln215_5' <Predicate = true> <Delay = 0.88> <CoreInst = "Adder">   --->   Core 1 'Adder' <Latency = 0> <II = 1> <Delay = 0.88> <FuncUnit> <Opcode : 'add' 'sub'> <InPorts = 2> <OutPorts = 1>
ST_2 : Operation 25 [1/1] (0.00ns)   --->   "%p_Result_3_6 = partselect i32 @_ssdm_op_PartSelect.i32.i512.i32.i32, i512 %tmp_V, i32 192, i32 223"   --->   Operation 25 'partselect' 'p_Result_3_6' <Predicate = true> <Delay = 0.00>
ST_2 : Operation 26 [1/1] (0.88ns)   --->   "%add_ln215_6 = add i32 %p_Result_3_6, i32 1"   --->   Operation 26 'add' 'add_ln215_6' <Predicate = true> <Delay = 0.88> <CoreInst = "Adder">   --->   Core 1 'Adder' <Latency = 0> <II = 1> <Delay = 0.88> <FuncUnit> <Opcode : 'add' 'sub'> <InPorts = 2> <OutPorts = 1>
ST_2 : Operation 27 [1/1] (0.00ns)   --->   "%p_Result_3_7 = partselect i32 @_ssdm_op_PartSelect.i32.i512.i32.i32, i512 %tmp_V, i32 224, i32 255"   --->   Operation 27 'partselect' 'p_Result_3_7' <Predicate = true> <Delay = 0.00>
ST_2 : Operation 28 [1/1] (0.88ns)   --->   "%add_ln215_7 = add i32 %p_Result_3_7, i32 1"   --->   Operation 28 'add' 'add_ln215_7' <Predicate = true> <Delay = 0.88> <CoreInst = "Adder">   --->   Core 1 'Adder' <Latency = 0> <II = 1> <Delay = 0.88> <FuncUnit> <Opcode : 'add' 'sub'> <InPorts = 2> <OutPorts = 1>
ST_2 : Operation 29 [1/1] (0.00ns)   --->   "%p_Result_3_8 = partselect i32 @_ssdm_op_PartSelect.i32.i512.i32.i32, i512 %tmp_V, i32 256, i32 287"   --->   Operation 29 'partselect' 'p_Result_3_8' <Predicate = true> <Delay = 0.00>
ST_2 : Operation 30 [1/1] (0.88ns)   --->   "%add_ln215_8 = add i32 %p_Result_3_8, i32 1"   --->   Operation 30 'add' 'add_ln215_8' <Predicate = true> <Delay = 0.88> <CoreInst = "Adder">   --->   Core 1 'Adder' <Latency = 0> <II = 1> <Delay = 0.88> <FuncUnit> <Opcode : 'add' 'sub'> <InPorts = 2> <OutPorts = 1>
ST_2 : Operation 31 [1/1] (0.00ns)   --->   "%p_Result_3_9 = partselect i32 @_ssdm_op_PartSelect.i32.i512.i32.i32, i512 %tmp_V, i32 288, i32 319"   --->   Operation 31 'partselect' 'p_Result_3_9' <Predicate = true> <Delay = 0.00>
ST_2 : Operation 32 [1/1] (0.88ns)   --->   "%add_ln215_9 = add i32 %p_Result_3_9, i32 1"   --->   Operation 32 'add' 'add_ln215_9' <Predicate = true> <Delay = 0.88> <CoreInst = "Adder">   --->   Core 1 'Adder' <Latency = 0> <II = 1> <Delay = 0.88> <FuncUnit> <Opcode : 'add' 'sub'> <InPorts = 2> <OutPorts = 1>
ST_2 : Operation 33 [1/1] (0.00ns)   --->   "%p_Result_3_s = partselect i32 @_ssdm_op_PartSelect.i32.i512.i32.i32, i512 %tmp_V, i32 320, i32 351"   --->   Operation 33 'partselect' 'p_Result_3_s' <Predicate = true> <Delay = 0.00>
ST_2 : Operation 34 [1/1] (0.88ns)   --->   "%add_ln215_10 = add i32 %p_Result_3_s, i32 1"   --->   Operation 34 'add' 'add_ln215_10' <Predicate = true> <Delay = 0.88> <CoreInst = "Adder">   --->   Core 1 'Adder' <Latency = 0> <II = 1> <Delay = 0.88> <FuncUnit> <Opcode : 'add' 'sub'> <InPorts = 2> <OutPorts = 1>
ST_2 : Operation 35 [1/1] (0.00ns)   --->   "%p_Result_3_10 = partselect i32 @_ssdm_op_PartSelect.i32.i512.i32.i32, i512 %tmp_V, i32 352, i32 383"   --->   Operation 35 'partselect' 'p_Result_3_10' <Predicate = true> <Delay = 0.00>
ST_2 : Operation 36 [1/1] (0.88ns)   --->   "%add_ln215_11 = add i32 %p_Result_3_10, i32 1"   --->   Operation 36 'add' 'add_ln215_11' <Predicate = true> <Delay = 0.88> <CoreInst = "Adder">   --->   Core 1 'Adder' <Latency = 0> <II = 1> <Delay = 0.88> <FuncUnit> <Opcode : 'add' 'sub'> <InPorts = 2> <OutPorts = 1>
ST_2 : Operation 37 [1/1] (0.00ns)   --->   "%p_Result_3_11 = partselect i32 @_ssdm_op_PartSelect.i32.i512.i32.i32, i512 %tmp_V, i32 384, i32 415"   --->   Operation 37 'partselect' 'p_Result_3_11' <Predicate = true> <Delay = 0.00>
ST_2 : Operation 38 [1/1] (0.88ns)   --->   "%add_ln215_12 = add i32 %p_Result_3_11, i32 1"   --->   Operation 38 'add' 'add_ln215_12' <Predicate = true> <Delay = 0.88> <CoreInst = "Adder">   --->   Core 1 'Adder' <Latency = 0> <II = 1> <Delay = 0.88> <FuncUnit> <Opcode : 'add' 'sub'> <InPorts = 2> <OutPorts = 1>
ST_2 : Operation 39 [1/1] (0.00ns)   --->   "%p_Result_3_12 = partselect i32 @_ssdm_op_PartSelect.i32.i512.i32.i32, i512 %tmp_V, i32 416, i32 447"   --->   Operation 39 'partselect' 'p_Result_3_12' <Predicate = true> <Delay = 0.00>
ST_2 : Operation 40 [1/1] (0.88ns)   --->   "%add_ln215_13 = add i32 %p_Result_3_12, i32 1"   --->   Operation 40 'add' 'add_ln215_13' <Predicate = true> <Delay = 0.88> <CoreInst = "Adder">   --->   Core 1 'Adder' <Latency = 0> <II = 1> <Delay = 0.88> <FuncUnit> <Opcode : 'add' 'sub'> <InPorts = 2> <OutPorts = 1>
ST_2 : Operation 41 [1/1] (0.00ns)   --->   "%p_Result_3_13 = partselect i32 @_ssdm_op_PartSelect.i32.i512.i32.i32, i512 %tmp_V, i32 448, i32 479"   --->   Operation 41 'partselect' 'p_Result_3_13' <Predicate = true> <Delay = 0.00>
ST_2 : Operation 42 [1/1] (0.88ns)   --->   "%add_ln215_14 = add i32 %p_Result_3_13, i32 1"   --->   Operation 42 'add' 'add_ln215_14' <Predicate = true> <Delay = 0.88> <CoreInst = "Adder">   --->   Core 1 'Adder' <Latency = 0> <II = 1> <Delay = 0.88> <FuncUnit> <Opcode : 'add' 'sub'> <InPorts = 2> <OutPorts = 1>
ST_2 : Operation 43 [1/1] (0.00ns)   --->   "%p_Result_3_14 = partselect i32 @_ssdm_op_PartSelect.i32.i512.i32.i32, i512 %tmp_V, i32 480, i32 511"   --->   Operation 43 'partselect' 'p_Result_3_14' <Predicate = true> <Delay = 0.00>
ST_2 : Operation 44 [1/1] (0.88ns)   --->   "%add_ln215_15 = add i32 %p_Result_3_14, i32 1"   --->   Operation 44 'add' 'add_ln215_15' <Predicate = true> <Delay = 0.88> <CoreInst = "Adder">   --->   Core 1 'Adder' <Latency = 0> <II = 1> <Delay = 0.88> <FuncUnit> <Opcode : 'add' 'sub'> <InPorts = 2> <OutPorts = 1>
ST_2 : Operation 45 [1/1] (0.00ns)   --->   "%p_Result_4_s = bitconcatenate i512 @_ssdm_op_BitConcatenate.i512.i32.i32.i32.i32.i32.i32.i32.i32.i32.i32.i32.i32.i32.i32.i32.i32, i32 %add_ln215_15, i32 %add_ln215_14, i32 %add_ln215_13, i32 %add_ln215_12, i32 %add_ln215_11, i32 %add_ln215_10, i32 %add_ln215_9, i32 %add_ln215_8, i32 %add_ln215_7, i32 %add_ln215_6, i32 %add_ln215_5, i32 %add_ln215_4, i32 %add_ln215_3, i32 %add_ln215_2, i32 %add_ln215_1, i32 %add_ln215"   --->   Operation 45 'bitconcatenate' 'p_Result_4_s' <Predicate = true> <Delay = 0.00>
ST_2 : Operation 46 [1/1] (0.00ns)   --->   "%write_ln401 = write void @_ssdm_op_Write.axis.volatile.i512P0A.i64P0A.i1P0A, i512 %m_axis_V_data_V, i64 %m_axis_V_keep_V, i1 %m_axis_V_last_V, i512 %p_Result_4_s, i64 %tmp_V_1, i1 %acc_last_V"   --->   Operation 46 'write' 'write_ln401' <Predicate = true> <Delay = 0.00> <CoreInst = "axis">   --->   Core 123 'axis' <Latency = 0> <II = 1> <Delay = 1.00> <Adapter> <Opcode : >
ST_2 : Operation 47 [1/1] (0.00ns)   --->   "%specpipeline_ln0 = specpipeline void @_ssdm_op_SpecPipeline, i32 4294967295, i32 0, i32 1, i32 0, void @p_str"   --->   Operation 47 'specpipeline' 'specpipeline_ln0' <Predicate = true> <Delay = 0.00>
ST_2 : Operation 48 [1/1] (0.00ns)   --->   "%br_ln95 = br i1 %acc_last_V, void %_Z11read_streamILi512ELi512EEvRN3hls6streamI9qdma_axisIXT_ELm0ELm0ELm0EELi0EEERS2_IXT0_ELm0ELm0ELm0EE.exit, void" [../rtl_kernel_wizard_1_cmodel.cpp:95]   --->   Operation 48 'br' 'br_ln95' <Predicate = true> <Delay = 0.00>

State 3 <SV = 2> <Delay = 0.00>
ST_3 : Operation 49 [1/1] (0.00ns)   --->   "%ret_ln104 = ret" [../rtl_kernel_wizard_1_cmodel.cpp:104]   --->   Operation 49 'ret' 'ret_ln104' <Predicate = true> <Delay = 0.00>


============================================================
+ Verbose Summary: Binding
============================================================
STG Binding: 
---------------- STG Properties BEGIN ----------------
- Is combinational: 0
- Is one-state seq: 0
- Is datapath-only: 0
- Is pipelined: 0
- Is top level: 0
Port [ Return ] is wired: 1; IO mode=ap_ctrl_hs:ce=0
Port [ s_axis_V_data_V]:  wired=1; compound=1; hidden=0; nouse=0; global=0; static=0; extern=0; dir=0; type=0; pingpong=0; private_global=0; IO mode=axis:ce=0
Port [ s_axis_V_keep_V]:  wired=1; compound=1; hidden=0; nouse=0; global=0; static=0; extern=0; dir=0; type=0; pingpong=0; private_global=0; IO mode=axis:ce=0
Port [ s_axis_V_last_V]:  wired=1; compound=1; hidden=0; nouse=0; global=0; static=0; extern=0; dir=0; type=0; pingpong=0; private_global=0; IO mode=axis:ce=0
Port [ m_axis_V_data_V]:  wired=1; compound=1; hidden=0; nouse=0; global=0; static=0; extern=0; dir=1; type=0; pingpong=0; private_global=0; IO mode=axis:ce=0
Port [ m_axis_V_keep_V]:  wired=1; compound=1; hidden=0; nouse=0; global=0; static=0; extern=0; dir=1; type=0; pingpong=0; private_global=0; IO mode=axis:ce=0
Port [ m_axis_V_last_V]:  wired=1; compound=1; hidden=0; nouse=0; global=0; static=0; extern=0; dir=1; type=0; pingpong=0; private_global=0; IO mode=axis:ce=0
---------------- STG Properties END ------------------

---------------- Datapath Model BEGIN ----------------

<LifeTime>
<method=bitvector/>
specinterface_ln0 (specinterface ) [ 0000]
specinterface_ln0 (specinterface ) [ 0000]
specpipeline_ln0  (specpipeline  ) [ 0000]
br_ln0            (br            ) [ 0000]
specloopname_ln96 (specloopname  ) [ 0000]
empty             (read          ) [ 0000]
tmp_V             (extractvalue  ) [ 0000]
tmp_V_1           (extractvalue  ) [ 0000]
acc_last_V        (extractvalue  ) [ 0010]
trunc_ln674       (trunc         ) [ 0000]
add_ln215         (add           ) [ 0000]
p_Result_3_1      (partselect    ) [ 0000]
add_ln215_1       (add           ) [ 0000]
p_Result_3_2      (partselect    ) [ 0000]
add_ln215_2       (add           ) [ 0000]
p_Result_3_3      (partselect    ) [ 0000]
add_ln215_3       (add           ) [ 0000]
p_Result_3_4      (partselect    ) [ 0000]
add_ln215_4       (add           ) [ 0000]
p_Result_3_5      (partselect    ) [ 0000]
add_ln215_5       (add           ) [ 0000]
p_Result_3_6      (partselect    ) [ 0000]
add_ln215_6       (add           ) [ 0000]
p_Result_3_7      (partselect    ) [ 0000]
add_ln215_7       (add           ) [ 0000]
p_Result_3_8      (partselect    ) [ 0000]
add_ln215_8       (add           ) [ 0000]
p_Result_3_9      (partselect    ) [ 0000]
add_ln215_9       (add           ) [ 0000]
p_Result_3_s      (partselect    ) [ 0000]
add_ln215_10      (add           ) [ 0000]
p_Result_3_10     (partselect    ) [ 0000]
add_ln215_11      (add           ) [ 0000]
p_Result_3_11     (partselect    ) [ 0000]
add_ln215_12      (add           ) [ 0000]
p_Result_3_12     (partselect    ) [ 0000]
add_ln215_13      (add           ) [ 0000]
p_Result_3_13     (partselect    ) [ 0000]
add_ln215_14      (add           ) [ 0000]
p_Result_3_14     (partselect    ) [ 0000]
add_ln215_15      (add           ) [ 0000]
p_Result_4_s      (bitconcatenate) [ 0000]
write_ln401       (write         ) [ 0000]
specpipeline_ln0  (specpipeline  ) [ 0000]
br_ln95           (br            ) [ 0000]
ret_ln104         (ret           ) [ 0000]
</LifeTime>

<model>

<comp_list>
<comp id="0" class="1000" name="s_axis_V_data_V">
<pin_list>
<pin id="1" dir="1" index="0" bw="1" slack="0"/>
</pin_list>
<bind>
<StgValue><ssdm name="s_axis_V_data_V"/></StgValue>
</bind>
</comp>

<comp id="2" class="1000" name="s_axis_V_keep_V">
<pin_list>
<pin id="3" dir="1" index="0" bw="1" slack="0"/>
</pin_list>
<bind>
<StgValue><ssdm name="s_axis_V_keep_V"/></StgValue>
</bind>
</comp>

<comp id="4" class="1000" name="s_axis_V_last_V">
<pin_list>
<pin id="5" dir="1" index="0" bw="1" slack="0"/>
</pin_list>
<bind>
<StgValue><ssdm name="s_axis_V_last_V"/></StgValue>
</bind>
</comp>

<comp id="6" class="1000" name="m_axis_V_data_V">
<pin_list>
<pin id="7" dir="1" index="0" bw="1" slack="0"/>
</pin_list>
<bind>
<StgValue><ssdm name="m_axis_V_data_V"/></StgValue>
</bind>
</comp>

<comp id="8" class="1000" name="m_axis_V_keep_V">
<pin_list>
<pin id="9" dir="1" index="0" bw="1" slack="0"/>
</pin_list>
<bind>
<StgValue><ssdm name="m_axis_V_keep_V"/></StgValue>
</bind>
</comp>

<comp id="10" class="1000" name="m_axis_V_last_V">
<pin_list>
<pin id="11" dir="1" index="0" bw="1" slack="0"/>
</pin_list>
<bind>
<StgValue><ssdm name="m_axis_V_last_V"/></StgValue>
</bind>
</comp>

<comp id="12" class="1001" name="const_12">
<pin_list>
<pin id="13" dir="1" index="0" bw="1" slack="2147483647"/>
</pin_list>
<bind>
<StgValue><ssdm name="_ssdm_op_SpecInterface"/></StgValue>
</bind>
</comp>

<comp id="14" class="1001" name="const_14">
<pin_list>
<pin id="15" dir="1" index="0" bw="1" slack="2147483647"/>
</pin_list>
<bind>
<StgValue><ssdm name="empty"/></StgValue>
</bind>
</comp>

<comp id="16" class="1001" name="const_16">
<pin_list>
<pin id="17" dir="1" index="0" bw="1" slack="2147483647"/>
</pin_list>
<bind>
<StgValue><ssdm name=""/></StgValue>
</bind>
</comp>

<comp id="18" class="1001" name="const_18">
<pin_list>
<pin id="19" dir="1" index="0" bw="1" slack="2147483647"/>
</pin_list>
<bind>
<StgValue><ssdm name="empty_0"/></StgValue>
</bind>
</comp>

<comp id="20" class="1001" name="const_20">
<pin_list>
<pin id="21" dir="1" index="0" bw="1" slack="2147483647"/>
</pin_list>
<bind>
<StgValue><ssdm name="empty_1"/></StgValue>
</bind>
</comp>

<comp id="22" class="1001" name="const_22">
<pin_list>
<pin id="23" dir="1" index="0" bw="1" slack="2147483647"/>
</pin_list>
<bind>
<StgValue><ssdm name="_ssdm_op_SpecPipeline"/></StgValue>
</bind>
</comp>

<comp id="24" class="1001" name="const_24">
<pin_list>
<pin id="25" dir="1" index="0" bw="1" slack="2147483647"/>
</pin_list>
<bind>
<StgValue><ssdm name=""/></StgValue>
</bind>
</comp>

<comp id="26" class="1001" name="const_26">
<pin_list>
<pin id="27" dir="1" index="0" bw="1" slack="0"/>
</pin_list>
<bind>
<StgValue><ssdm name=""/></StgValue>
</bind>
</comp>

<comp id="28" class="1001" name="const_28">
<pin_list>
<pin id="29" dir="1" index="0" bw="1" slack="2147483647"/>
</pin_list>
<bind>
<StgValue><ssdm name="p_str"/></StgValue>
</bind>
</comp>

<comp id="30" class="1001" name="const_30">
<pin_list>
<pin id="31" dir="1" index="0" bw="1" slack="2147483647"/>
</pin_list>
<bind>
<StgValue><ssdm name="_ssdm_op_SpecLoopName"/></StgValue>
</bind>
</comp>

<comp id="32" class="1001" name="const_32">
<pin_list>
<pin id="33" dir="1" index="0" bw="1" slack="2147483647"/>
</pin_list>
<bind>
<StgValue><ssdm name="empty_6"/></StgValue>
</bind>
</comp>

<comp id="34" class="1001" name="const_34">
<pin_list>
<pin id="35" dir="1" index="0" bw="1" slack="0"/>
</pin_list>
<bind>
<StgValue><ssdm name="_ssdm_op_Read.axis.volatile.i512P0A.i64P0A.i1P0A"/></StgValue>
</bind>
</comp>

<comp id="36" class="1001" name="const_36">
<pin_list>
<pin id="37" dir="1" index="0" bw="1" slack="0"/>
</pin_list>
<bind>
<StgValue><ssdm name="_ssdm_op_PartSelect.i32.i512.i32.i32"/></StgValue>
</bind>
</comp>

<comp id="38" class="1001" name="const_38">
<pin_list>
<pin id="39" dir="1" index="0" bw="1" slack="0"/>
</pin_list>
<bind>
<StgValue><ssdm name=""/></StgValue>
</bind>
</comp>

<comp id="40" class="1001" name="const_40">
<pin_list>
<pin id="41" dir="1" index="0" bw="1" slack="0"/>
</pin_list>
<bind>
<StgValue><ssdm name=""/></StgValue>
</bind>
</comp>

<comp id="42" class="1001" name="const_42">
<pin_list>
<pin id="43" dir="1" index="0" bw="1" slack="0"/>
</pin_list>
<bind>
<StgValue><ssdm name=""/></StgValue>
</bind>
</comp>

<comp id="44" class="1001" name="const_44">
<pin_list>
<pin id="45" dir="1" index="0" bw="1" slack="0"/>
</pin_list>
<bind>
<StgValue><ssdm name=""/></StgValue>
</bind>
</comp>

<comp id="46" class="1001" name="const_46">
<pin_list>
<pin id="47" dir="1" index="0" bw="1" slack="0"/>
</pin_list>
<bind>
<StgValue><ssdm name=""/></StgValue>
</bind>
</comp>

<comp id="48" class="1001" name="const_48">
<pin_list>
<pin id="49" dir="1" index="0" bw="1" slack="0"/>
</pin_list>
<bind>
<StgValue><ssdm name=""/></StgValue>
</bind>
</comp>

<comp id="50" class="1001" name="const_50">
<pin_list>
<pin id="51" dir="1" index="0" bw="1" slack="0"/>
</pin_list>
<bind>
<StgValue><ssdm name=""/></StgValue>
</bind>
</comp>

<comp id="52" class="1001" name="const_52">
<pin_list>
<pin id="53" dir="1" index="0" bw="1" slack="0"/>
</pin_list>
<bind>
<StgValue><ssdm name=""/></StgValue>
</bind>
</comp>

<comp id="54" class="1001" name="const_54">
<pin_list>
<pin id="55" dir="1" index="0" bw="1" slack="0"/>
</pin_list>
<bind>
<StgValue><ssdm name=""/></StgValue>
</bind>
</comp>

<comp id="56" class="1001" name="const_56">
<pin_list>
<pin id="57" dir="1" index="0" bw="1" slack="0"/>
</pin_list>
<bind>
<StgValue><ssdm name=""/></StgValue>
</bind>
</comp>

<comp id="58" class="1001" name="const_58">
<pin_list>
<pin id="59" dir="1" index="0" bw="1" slack="0"/>
</pin_list>
<bind>
<StgValue><ssdm name=""/></StgValue>
</bind>
</comp>

<comp id="60" class="1001" name="const_60">
<pin_list>
<pin id="61" dir="1" index="0" bw="1" slack="0"/>
</pin_list>
<bind>
<StgValue><ssdm name=""/></StgValue>
</bind>
</comp>

<comp id="62" class="1001" name="const_62">
<pin_list>
<pin id="63" dir="1" index="0" bw="1" slack="0"/>
</pin_list>
<bind>
<StgValue><ssdm name=""/></StgValue>
</bind>
</comp>

<comp id="64" class="1001" name="const_64">
<pin_list>
<pin id="65" dir="1" index="0" bw="1" slack="0"/>
</pin_list>
<bind>
<StgValue><ssdm name=""/></StgValue>
</bind>
</comp>

<comp id="66" class="1001" name="const_66">
<pin_list>
<pin id="67" dir="1" index="0" bw="1" slack="0"/>
</pin_list>
<bind>
<StgValue><ssdm name=""/></StgValue>
</bind>
</comp>

<comp id="68" class="1001" name="const_68">
<pin_list>
<pin id="69" dir="1" index="0" bw="1" slack="0"/>
</pin_list>
<bind>
<StgValue><ssdm name=""/></StgValue>
</bind>
</comp>

<comp id="70" class="1001" name="const_70">
<pin_list>
<pin id="71" dir="1" index="0" bw="1" slack="0"/>
</pin_list>
<bind>
<StgValue><ssdm name=""/></StgValue>
</bind>
</comp>

<comp id="72" class="1001" name="const_72">
<pin_list>
<pin id="73" dir="1" index="0" bw="1" slack="0"/>
</pin_list>
<bind>
<StgValue><ssdm name=""/></StgValue>
</bind>
</comp>

<comp id="74" class="1001" name="const_74">
<pin_list>
<pin id="75" dir="1" index="0" bw="1" slack="0"/>
</pin_list>
<bind>
<StgValue><ssdm name=""/></StgValue>
</bind>
</comp>

<comp id="76" class="1001" name="const_76">
<pin_list>
<pin id="77" dir="1" index="0" bw="1" slack="0"/>
</pin_list>
<bind>
<StgValue><ssdm name=""/></StgValue>
</bind>
</comp>

<comp id="78" class="1001" name="const_78">
<pin_list>
<pin id="79" dir="1" index="0" bw="1" slack="0"/>
</pin_list>
<bind>
<StgValue><ssdm name=""/></StgValue>
</bind>
</comp>

<comp id="80" class="1001" name="const_80">
<pin_list>
<pin id="81" dir="1" index="0" bw="1" slack="0"/>
</pin_list>
<bind>
<StgValue><ssdm name=""/></StgValue>
</bind>
</comp>

<comp id="82" class="1001" name="const_82">
<pin_list>
<pin id="83" dir="1" index="0" bw="1" slack="0"/>
</pin_list>
<bind>
<StgValue><ssdm name=""/></StgValue>
</bind>
</comp>

<comp id="84" class="1001" name="const_84">
<pin_list>
<pin id="85" dir="1" index="0" bw="1" slack="0"/>
</pin_list>
<bind>
<StgValue><ssdm name=""/></StgValue>
</bind>
</comp>

<comp id="86" class="1001" name="const_86">
<pin_list>
<pin id="87" dir="1" index="0" bw="1" slack="0"/>
</pin_list>
<bind>
<StgValue><ssdm name=""/></StgValue>
</bind>
</comp>

<comp id="88" class="1001" name="const_88">
<pin_list>
<pin id="89" dir="1" index="0" bw="1" slack="0"/>
</pin_list>
<bind>
<StgValue><ssdm name=""/></StgValue>
</bind>
</comp>

<comp id="90" class="1001" name="const_90">
<pin_list>
<pin id="91" dir="1" index="0" bw="1" slack="0"/>
</pin_list>
<bind>
<StgValue><ssdm name=""/></StgValue>
</bind>
</comp>

<comp id="92" class="1001" name="const_92">
<pin_list>
<pin id="93" dir="1" index="0" bw="1" slack="0"/>
</pin_list>
<bind>
<StgValue><ssdm name=""/></StgValue>
</bind>
</comp>

<comp id="94" class="1001" name="const_94">
<pin_list>
<pin id="95" dir="1" index="0" bw="1" slack="0"/>
</pin_list>
<bind>
<StgValue><ssdm name=""/></StgValue>
</bind>
</comp>

<comp id="96" class="1001" name="const_96">
<pin_list>
<pin id="97" dir="1" index="0" bw="1" slack="0"/>
</pin_list>
<bind>
<StgValue><ssdm name=""/></StgValue>
</bind>
</comp>

<comp id="98" class="1001" name="const_98">
<pin_list>
<pin id="99" dir="1" index="0" bw="1" slack="0"/>
</pin_list>
<bind>
<StgValue><ssdm name="_ssdm_op_BitConcatenate.i512.i32.i32.i32.i32.i32.i32.i32.i32.i32.i32.i32.i32.i32.i32.i32.i32"/></StgValue>
</bind>
</comp>

<comp id="100" class="1001" name="const_100">
<pin_list>
<pin id="101" dir="1" index="0" bw="1" slack="0"/>
</pin_list>
<bind>
<StgValue><ssdm name="_ssdm_op_Write.axis.volatile.i512P0A.i64P0A.i1P0A"/></StgValue>
</bind>
</comp>

<comp id="102" class="1004" name="empty_read_fu_102">
<pin_list>
<pin id="103" dir="0" index="0" bw="577" slack="0"/>
<pin id="104" dir="0" index="1" bw="512" slack="0"/>
<pin id="105" dir="0" index="2" bw="64" slack="0"/>
<pin id="106" dir="0" index="3" bw="1" slack="0"/>
<pin id="107" dir="1" index="4" bw="577" slack="0"/>
</pin_list>
<bind>
<opcode="read(1150) " fcode="read"/>
<opset="empty/2 "/>
</bind>
</comp>

<comp id="112" class="1004" name="write_ln401_write_fu_112">
<pin_list>
<pin id="113" dir="0" index="0" bw="0" slack="0"/>
<pin id="114" dir="0" index="1" bw="512" slack="0"/>
<pin id="115" dir="0" index="2" bw="64" slack="0"/>
<pin id="116" dir="0" index="3" bw="1" slack="0"/>
<pin id="117" dir="0" index="4" bw="512" slack="0"/>
<pin id="118" dir="0" index="5" bw="64" slack="0"/>
<pin id="119" dir="0" index="6" bw="1" slack="0"/>
<pin id="120" dir="1" index="7" bw="0" slack="2147483647"/>
</pin_list>
<bind>
<opcode="write(1151) " fcode="write"/>
<opset="write_ln401/2 "/>
</bind>
</comp>

<comp id="125" class="1004" name="tmp_V_fu_125">
<pin_list>
<pin id="126" dir="0" index="0" bw="577" slack="0"/>
<pin id="127" dir="1" index="1" bw="512" slack="0"/>
</pin_list>
<bind>
<opcode="extractvalue(56) " fcode="extractvalue"/>
<opset="tmp_V/2 "/>
</bind>
</comp>

<comp id="129" class="1004" name="tmp_V_1_fu_129">
<pin_list>
<pin id="130" dir="0" index="0" bw="577" slack="0"/>
<pin id="131" dir="1" index="1" bw="64" slack="0"/>
</pin_list>
<bind>
<opcode="extractvalue(56) " fcode="extractvalue"/>
<opset="tmp_V_1/2 "/>
</bind>
</comp>

<comp id="134" class="1004" name="acc_last_V_fu_134">
<pin_list>
<pin id="135" dir="0" index="0" bw="577" slack="0"/>
<pin id="136" dir="1" index="1" bw="1" slack="0"/>
</pin_list>
<bind>
<opcode="extractvalue(56) " fcode="extractvalue"/>
<opset="acc_last_V/2 "/>
</bind>
</comp>

<comp id="139" class="1004" name="trunc_ln674_fu_139">
<pin_list>
<pin id="140" dir="0" index="0" bw="512" slack="0"/>
<pin id="141" dir="1" index="1" bw="32" slack="0"/>
</pin_list>
<bind>
<opcode="trunc(33) " fcode="trunc"/>
<opset="trunc_ln674/2 "/>
</bind>
</comp>

<comp id="143" class="1004" name="add_ln215_fu_143">
<pin_list>
<pin id="144" dir="0" index="0" bw="32" slack="0"/>
<pin id="145" dir="0" index="1" bw="1" slack="0"/>
<pin id="146" dir="1" index="2" bw="32" slack="0"/>
</pin_list>
<bind>
<opcode="add(8) " fcode="add"/>
<opset="add_ln215/2 "/>
</bind>
</comp>

<comp id="149" class="1004" name="p_Result_3_1_fu_149">
<pin_list>
<pin id="150" dir="0" index="0" bw="32" slack="0"/>
<pin id="151" dir="0" index="1" bw="512" slack="0"/>
<pin id="152" dir="0" index="2" bw="7" slack="0"/>
<pin id="153" dir="0" index="3" bw="7" slack="0"/>
<pin id="154" dir="1" index="4" bw="32" slack="0"/>
</pin_list>
<bind>
<opcode="partselect(1002) " fcode="partselect"/>
<opset="p_Result_3_1/2 "/>
</bind>
</comp>

<comp id="159" class="1004" name="add_ln215_1_fu_159">
<pin_list>
<pin id="160" dir="0" index="0" bw="32" slack="0"/>
<pin id="161" dir="0" index="1" bw="1" slack="0"/>
<pin id="162" dir="1" index="2" bw="32" slack="0"/>
</pin_list>
<bind>
<opcode="add(8) " fcode="add"/>
<opset="add_ln215_1/2 "/>
</bind>
</comp>

<comp id="165" class="1004" name="p_Result_3_2_fu_165">
<pin_list>
<pin id="166" dir="0" index="0" bw="32" slack="0"/>
<pin id="167" dir="0" index="1" bw="512" slack="0"/>
<pin id="168" dir="0" index="2" bw="8" slack="0"/>
<pin id="169" dir="0" index="3" bw="8" slack="0"/>
<pin id="170" dir="1" index="4" bw="32" slack="0"/>
</pin_list>
<bind>
<opcode="partselect(1002) " fcode="partselect"/>
<opset="p_Result_3_2/2 "/>
</bind>
</comp>

<comp id="175" class="1004" name="add_ln215_2_fu_175">
<pin_list>
<pin id="176" dir="0" index="0" bw="32" slack="0"/>
<pin id="177" dir="0" index="1" bw="1" slack="0"/>
<pin id="178" dir="1" index="2" bw="32" slack="0"/>
</pin_list>
<bind>
<opcode="add(8) " fcode="add"/>
<opset="add_ln215_2/2 "/>
</bind>
</comp>

<comp id="181" class="1004" name="p_Result_3_3_fu_181">
<pin_list>
<pin id="182" dir="0" index="0" bw="32" slack="0"/>
<pin id="183" dir="0" index="1" bw="512" slack="0"/>
<pin id="184" dir="0" index="2" bw="8" slack="0"/>
<pin id="185" dir="0" index="3" bw="8" slack="0"/>
<pin id="186" dir="1" index="4" bw="32" slack="0"/>
</pin_list>
<bind>
<opcode="partselect(1002) " fcode="partselect"/>
<opset="p_Result_3_3/2 "/>
</bind>
</comp>

<comp id="191" class="1004" name="add_ln215_3_fu_191">
<pin_list>
<pin id="192" dir="0" index="0" bw="32" slack="0"/>
<pin id="193" dir="0" index="1" bw="1" slack="0"/>
<pin id="194" dir="1" index="2" bw="32" slack="0"/>
</pin_list>
<bind>
<opcode="add(8) " fcode="add"/>
<opset="add_ln215_3/2 "/>
</bind>
</comp>

<comp id="197" class="1004" name="p_Result_3_4_fu_197">
<pin_list>
<pin id="198" dir="0" index="0" bw="32" slack="0"/>
<pin id="199" dir="0" index="1" bw="512" slack="0"/>
<pin id="200" dir="0" index="2" bw="9" slack="0"/>
<pin id="201" dir="0" index="3" bw="9" slack="0"/>
<pin id="202" dir="1" index="4" bw="32" slack="0"/>
</pin_list>
<bind>
<opcode="partselect(1002) " fcode="partselect"/>
<opset="p_Result_3_4/2 "/>
</bind>
</comp>

<comp id="207" class="1004" name="add_ln215_4_fu_207">
<pin_list>
<pin id="208" dir="0" index="0" bw="32" slack="0"/>
<pin id="209" dir="0" index="1" bw="1" slack="0"/>
<pin id="210" dir="1" index="2" bw="32" slack="0"/>
</pin_list>
<bind>
<opcode="add(8) " fcode="add"/>
<opset="add_ln215_4/2 "/>
</bind>
</comp>

<comp id="213" class="1004" name="p_Result_3_5_fu_213">
<pin_list>
<pin id="214" dir="0" index="0" bw="32" slack="0"/>
<pin id="215" dir="0" index="1" bw="512" slack="0"/>
<pin id="216" dir="0" index="2" bw="9" slack="0"/>
<pin id="217" dir="0" index="3" bw="9" slack="0"/>
<pin id="218" dir="1" index="4" bw="32" slack="0"/>
</pin_list>
<bind>
<opcode="partselect(1002) " fcode="partselect"/>
<opset="p_Result_3_5/2 "/>
</bind>
</comp>

<comp id="223" class="1004" name="add_ln215_5_fu_223">
<pin_list>
<pin id="224" dir="0" index="0" bw="32" slack="0"/>
<pin id="225" dir="0" index="1" bw="1" slack="0"/>
<pin id="226" dir="1" index="2" bw="32" slack="0"/>
</pin_list>
<bind>
<opcode="add(8) " fcode="add"/>
<opset="add_ln215_5/2 "/>
</bind>
</comp>

<comp id="229" class="1004" name="p_Result_3_6_fu_229">
<pin_list>
<pin id="230" dir="0" index="0" bw="32" slack="0"/>
<pin id="231" dir="0" index="1" bw="512" slack="0"/>
<pin id="232" dir="0" index="2" bw="9" slack="0"/>
<pin id="233" dir="0" index="3" bw="9" slack="0"/>
<pin id="234" dir="1" index="4" bw="32" slack="0"/>
</pin_list>
<bind>
<opcode="partselect(1002) " fcode="partselect"/>
<opset="p_Result_3_6/2 "/>
</bind>
</comp>

<comp id="239" class="1004" name="add_ln215_6_fu_239">
<pin_list>
<pin id="240" dir="0" index="0" bw="32" slack="0"/>
<pin id="241" dir="0" index="1" bw="1" slack="0"/>
<pin id="242" dir="1" index="2" bw="32" slack="0"/>
</pin_list>
<bind>
<opcode="add(8) " fcode="add"/>
<opset="add_ln215_6/2 "/>
</bind>
</comp>

<comp id="245" class="1004" name="p_Result_3_7_fu_245">
<pin_list>
<pin id="246" dir="0" index="0" bw="32" slack="0"/>
<pin id="247" dir="0" index="1" bw="512" slack="0"/>
<pin id="248" dir="0" index="2" bw="9" slack="0"/>
<pin id="249" dir="0" index="3" bw="9" slack="0"/>
<pin id="250" dir="1" index="4" bw="32" slack="0"/>
</pin_list>
<bind>
<opcode="partselect(1002) " fcode="partselect"/>
<opset="p_Result_3_7/2 "/>
</bind>
</comp>

<comp id="255" class="1004" name="add_ln215_7_fu_255">
<pin_list>
<pin id="256" dir="0" index="0" bw="32" slack="0"/>
<pin id="257" dir="0" index="1" bw="1" slack="0"/>
<pin id="258" dir="1" index="2" bw="32" slack="0"/>
</pin_list>
<bind>
<opcode="add(8) " fcode="add"/>
<opset="add_ln215_7/2 "/>
</bind>
</comp>

<comp id="261" class="1004" name="p_Result_3_8_fu_261">
<pin_list>
<pin id="262" dir="0" index="0" bw="32" slack="0"/>
<pin id="263" dir="0" index="1" bw="512" slack="0"/>
<pin id="264" dir="0" index="2" bw="10" slack="0"/>
<pin id="265" dir="0" index="3" bw="10" slack="0"/>
<pin id="266" dir="1" index="4" bw="32" slack="0"/>
</pin_list>
<bind>
<opcode="partselect(1002) " fcode="partselect"/>
<opset="p_Result_3_8/2 "/>
</bind>
</comp>

<comp id="271" class="1004" name="add_ln215_8_fu_271">
<pin_list>
<pin id="272" dir="0" index="0" bw="32" slack="0"/>
<pin id="273" dir="0" index="1" bw="1" slack="0"/>
<pin id="274" dir="1" index="2" bw="32" slack="0"/>
</pin_list>
<bind>
<opcode="add(8) " fcode="add"/>
<opset="add_ln215_8/2 "/>
</bind>
</comp>

<comp id="277" class="1004" name="p_Result_3_9_fu_277">
<pin_list>
<pin id="278" dir="0" index="0" bw="32" slack="0"/>
<pin id="279" dir="0" index="1" bw="512" slack="0"/>
<pin id="280" dir="0" index="2" bw="10" slack="0"/>
<pin id="281" dir="0" index="3" bw="10" slack="0"/>
<pin id="282" dir="1" index="4" bw="32" slack="0"/>
</pin_list>
<bind>
<opcode="partselect(1002) " fcode="partselect"/>
<opset="p_Result_3_9/2 "/>
</bind>
</comp>

<comp id="287" class="1004" name="add_ln215_9_fu_287">
<pin_list>
<pin id="288" dir="0" index="0" bw="32" slack="0"/>
<pin id="289" dir="0" index="1" bw="1" slack="0"/>
<pin id="290" dir="1" index="2" bw="32" slack="0"/>
</pin_list>
<bind>
<opcode="add(8) " fcode="add"/>
<opset="add_ln215_9/2 "/>
</bind>
</comp>

<comp id="293" class="1004" name="p_Result_3_s_fu_293">
<pin_list>
<pin id="294" dir="0" index="0" bw="32" slack="0"/>
<pin id="295" dir="0" index="1" bw="512" slack="0"/>
<pin id="296" dir="0" index="2" bw="10" slack="0"/>
<pin id="297" dir="0" index="3" bw="10" slack="0"/>
<pin id="298" dir="1" index="4" bw="32" slack="0"/>
</pin_list>
<bind>
<opcode="partselect(1002) " fcode="partselect"/>
<opset="p_Result_3_s/2 "/>
</bind>
</comp>

<comp id="303" class="1004" name="add_ln215_10_fu_303">
<pin_list>
<pin id="304" dir="0" index="0" bw="32" slack="0"/>
<pin id="305" dir="0" index="1" bw="1" slack="0"/>
<pin id="306" dir="1" index="2" bw="32" slack="0"/>
</pin_list>
<bind>
<opcode="add(8) " fcode="add"/>
<opset="add_ln215_10/2 "/>
</bind>
</comp>

<comp id="309" class="1004" name="p_Result_3_10_fu_309">
<pin_list>
<pin id="310" dir="0" index="0" bw="32" slack="0"/>
<pin id="311" dir="0" index="1" bw="512" slack="0"/>
<pin id="312" dir="0" index="2" bw="10" slack="0"/>
<pin id="313" dir="0" index="3" bw="10" slack="0"/>
<pin id="314" dir="1" index="4" bw="32" slack="0"/>
</pin_list>
<bind>
<opcode="partselect(1002) " fcode="partselect"/>
<opset="p_Result_3_10/2 "/>
</bind>
</comp>

<comp id="319" class="1004" name="add_ln215_11_fu_319">
<pin_list>
<pin id="320" dir="0" index="0" bw="32" slack="0"/>
<pin id="321" dir="0" index="1" bw="1" slack="0"/>
<pin id="322" dir="1" index="2" bw="32" slack="0"/>
</pin_list>
<bind>
<opcode="add(8) " fcode="add"/>
<opset="add_ln215_11/2 "/>
</bind>
</comp>

<comp id="325" class="1004" name="p_Result_3_11_fu_325">
<pin_list>
<pin id="326" dir="0" index="0" bw="32" slack="0"/>
<pin id="327" dir="0" index="1" bw="512" slack="0"/>
<pin id="328" dir="0" index="2" bw="10" slack="0"/>
<pin id="329" dir="0" index="3" bw="10" slack="0"/>
<pin id="330" dir="1" index="4" bw="32" slack="0"/>
</pin_list>
<bind>
<opcode="partselect(1002) " fcode="partselect"/>
<opset="p_Result_3_11/2 "/>
</bind>
</comp>

<comp id="335" class="1004" name="add_ln215_12_fu_335">
<pin_list>
<pin id="336" dir="0" index="0" bw="32" slack="0"/>
<pin id="337" dir="0" index="1" bw="1" slack="0"/>
<pin id="338" dir="1" index="2" bw="32" slack="0"/>
</pin_list>
<bind>
<opcode="add(8) " fcode="add"/>
<opset="add_ln215_12/2 "/>
</bind>
</comp>

<comp id="341" class="1004" name="p_Result_3_12_fu_341">
<pin_list>
<pin id="342" dir="0" index="0" bw="32" slack="0"/>
<pin id="343" dir="0" index="1" bw="512" slack="0"/>
<pin id="344" dir="0" index="2" bw="10" slack="0"/>
<pin id="345" dir="0" index="3" bw="10" slack="0"/>
<pin id="346" dir="1" index="4" bw="32" slack="0"/>
</pin_list>
<bind>
<opcode="partselect(1002) " fcode="partselect"/>
<opset="p_Result_3_12/2 "/>
</bind>
</comp>

<comp id="351" class="1004" name="add_ln215_13_fu_351">
<pin_list>
<pin id="352" dir="0" index="0" bw="32" slack="0"/>
<pin id="353" dir="0" index="1" bw="1" slack="0"/>
<pin id="354" dir="1" index="2" bw="32" slack="0"/>
</pin_list>
<bind>
<opcode="add(8) " fcode="add"/>
<opset="add_ln215_13/2 "/>
</bind>
</comp>

<comp id="357" class="1004" name="p_Result_3_13_fu_357">
<pin_list>
<pin id="358" dir="0" index="0" bw="32" slack="0"/>
<pin id="359" dir="0" index="1" bw="512" slack="0"/>
<pin id="360" dir="0" index="2" bw="10" slack="0"/>
<pin id="361" dir="0" index="3" bw="10" slack="0"/>
<pin id="362" dir="1" index="4" bw="32" slack="0"/>
</pin_list>
<bind>
<opcode="partselect(1002) " fcode="partselect"/>
<opset="p_Result_3_13/2 "/>
</bind>
</comp>

<comp id="367" class="1004" name="add_ln215_14_fu_367">
<pin_list>
<pin id="368" dir="0" index="0" bw="32" slack="0"/>
<pin id="369" dir="0" index="1" bw="1" slack="0"/>
<pin id="370" dir="1" index="2" bw="32" slack="0"/>
</pin_list>
<bind>
<opcode="add(8) " fcode="add"/>
<opset="add_ln215_14/2 "/>
</bind>
</comp>

<comp id="373" class="1004" name="p_Result_3_14_fu_373">
<pin_list>
<pin id="374" dir="0" index="0" bw="32" slack="0"/>
<pin id="375" dir="0" index="1" bw="512" slack="0"/>
<pin id="376" dir="0" index="2" bw="10" slack="0"/>
<pin id="377" dir="0" index="3" bw="10" slack="0"/>
<pin id="378" dir="1" index="4" bw="32" slack="0"/>
</pin_list>
<bind>
<opcode="partselect(1002) " fcode="partselect"/>
<opset="p_Result_3_14/2 "/>
</bind>
</comp>

<comp id="383" class="1004" name="add_ln215_15_fu_383">
<pin_list>
<pin id="384" dir="0" index="0" bw="32" slack="0"/>
<pin id="385" dir="0" index="1" bw="1" slack="0"/>
<pin id="386" dir="1" index="2" bw="32" slack="0"/>
</pin_list>
<bind>
<opcode="add(8) " fcode="add"/>
<opset="add_ln215_15/2 "/>
</bind>
</comp>

<comp id="389" class="1004" name="p_Result_4_s_fu_389">
<pin_list>
<pin id="390" dir="0" index="0" bw="512" slack="0"/>
<pin id="391" dir="0" index="1" bw="32" slack="0"/>
<pin id="392" dir="0" index="2" bw="32" slack="0"/>
<pin id="393" dir="0" index="3" bw="32" slack="0"/>
<pin id="394" dir="0" index="4" bw="32" slack="0"/>
<pin id="395" dir="0" index="5" bw="32" slack="0"/>
<pin id="396" dir="0" index="6" bw="32" slack="0"/>
<pin id="397" dir="0" index="7" bw="32" slack="0"/>
<pin id="398" dir="0" index="8" bw="32" slack="0"/>
<pin id="399" dir="0" index="9" bw="32" slack="0"/>
<pin id="400" dir="0" index="10" bw="32" slack="0"/>
<pin id="401" dir="0" index="11" bw="32" slack="0"/>
<pin id="402" dir="0" index="12" bw="32" slack="0"/>
<pin id="403" dir="0" index="13" bw="32" slack="0"/>
<pin id="404" dir="0" index="14" bw="32" slack="0"/>
<pin id="405" dir="0" index="15" bw="32" slack="0"/>
<pin id="406" dir="0" index="16" bw="32" slack="0"/>
<pin id="407" dir="1" index="17" bw="512" slack="0"/>
</pin_list>
<bind>
<opcode="bitconcatenate(1004) " fcode="bitconcatenate"/>
<opset="p_Result_4_s/2 "/>
</bind>
</comp>

</comp_list>

<net_list>
<net id="108"><net_src comp="34" pin="0"/><net_sink comp="102" pin=0"/></net>

<net id="109"><net_src comp="0" pin="0"/><net_sink comp="102" pin=1"/></net>

<net id="110"><net_src comp="2" pin="0"/><net_sink comp="102" pin=2"/></net>

<net id="111"><net_src comp="4" pin="0"/><net_sink comp="102" pin=3"/></net>

<net id="121"><net_src comp="100" pin="0"/><net_sink comp="112" pin=0"/></net>

<net id="122"><net_src comp="6" pin="0"/><net_sink comp="112" pin=1"/></net>

<net id="123"><net_src comp="8" pin="0"/><net_sink comp="112" pin=2"/></net>

<net id="124"><net_src comp="10" pin="0"/><net_sink comp="112" pin=3"/></net>

<net id="128"><net_src comp="102" pin="4"/><net_sink comp="125" pin=0"/></net>

<net id="132"><net_src comp="102" pin="4"/><net_sink comp="129" pin=0"/></net>

<net id="133"><net_src comp="129" pin="1"/><net_sink comp="112" pin=5"/></net>

<net id="137"><net_src comp="102" pin="4"/><net_sink comp="134" pin=0"/></net>

<net id="138"><net_src comp="134" pin="1"/><net_sink comp="112" pin=6"/></net>

<net id="142"><net_src comp="125" pin="1"/><net_sink comp="139" pin=0"/></net>

<net id="147"><net_src comp="139" pin="1"/><net_sink comp="143" pin=0"/></net>

<net id="148"><net_src comp="26" pin="0"/><net_sink comp="143" pin=1"/></net>

<net id="155"><net_src comp="36" pin="0"/><net_sink comp="149" pin=0"/></net>

<net id="156"><net_src comp="125" pin="1"/><net_sink comp="149" pin=1"/></net>

<net id="157"><net_src comp="38" pin="0"/><net_sink comp="149" pin=2"/></net>

<net id="158"><net_src comp="40" pin="0"/><net_sink comp="149" pin=3"/></net>

<net id="163"><net_src comp="149" pin="4"/><net_sink comp="159" pin=0"/></net>

<net id="164"><net_src comp="26" pin="0"/><net_sink comp="159" pin=1"/></net>

<net id="171"><net_src comp="36" pin="0"/><net_sink comp="165" pin=0"/></net>

<net id="172"><net_src comp="125" pin="1"/><net_sink comp="165" pin=1"/></net>

<net id="173"><net_src comp="42" pin="0"/><net_sink comp="165" pin=2"/></net>

<net id="174"><net_src comp="44" pin="0"/><net_sink comp="165" pin=3"/></net>

<net id="179"><net_src comp="165" pin="4"/><net_sink comp="175" pin=0"/></net>

<net id="180"><net_src comp="26" pin="0"/><net_sink comp="175" pin=1"/></net>

<net id="187"><net_src comp="36" pin="0"/><net_sink comp="181" pin=0"/></net>

<net id="188"><net_src comp="125" pin="1"/><net_sink comp="181" pin=1"/></net>

<net id="189"><net_src comp="46" pin="0"/><net_sink comp="181" pin=2"/></net>

<net id="190"><net_src comp="48" pin="0"/><net_sink comp="181" pin=3"/></net>

<net id="195"><net_src comp="181" pin="4"/><net_sink comp="191" pin=0"/></net>

<net id="196"><net_src comp="26" pin="0"/><net_sink comp="191" pin=1"/></net>

<net id="203"><net_src comp="36" pin="0"/><net_sink comp="197" pin=0"/></net>

<net id="204"><net_src comp="125" pin="1"/><net_sink comp="197" pin=1"/></net>

<net id="205"><net_src comp="50" pin="0"/><net_sink comp="197" pin=2"/></net>

<net id="206"><net_src comp="52" pin="0"/><net_sink comp="197" pin=3"/></net>

<net id="211"><net_src comp="197" pin="4"/><net_sink comp="207" pin=0"/></net>

<net id="212"><net_src comp="26" pin="0"/><net_sink comp="207" pin=1"/></net>

<net id="219"><net_src comp="36" pin="0"/><net_sink comp="213" pin=0"/></net>

<net id="220"><net_src comp="125" pin="1"/><net_sink comp="213" pin=1"/></net>

<net id="221"><net_src comp="54" pin="0"/><net_sink comp="213" pin=2"/></net>

<net id="222"><net_src comp="56" pin="0"/><net_sink comp="213" pin=3"/></net>

<net id="227"><net_src comp="213" pin="4"/><net_sink comp="223" pin=0"/></net>

<net id="228"><net_src comp="26" pin="0"/><net_sink comp="223" pin=1"/></net>

<net id="235"><net_src comp="36" pin="0"/><net_sink comp="229" pin=0"/></net>

<net id="236"><net_src comp="125" pin="1"/><net_sink comp="229" pin=1"/></net>

<net id="237"><net_src comp="58" pin="0"/><net_sink comp="229" pin=2"/></net>

<net id="238"><net_src comp="60" pin="0"/><net_sink comp="229" pin=3"/></net>

<net id="243"><net_src comp="229" pin="4"/><net_sink comp="239" pin=0"/></net>

<net id="244"><net_src comp="26" pin="0"/><net_sink comp="239" pin=1"/></net>

<net id="251"><net_src comp="36" pin="0"/><net_sink comp="245" pin=0"/></net>

<net id="252"><net_src comp="125" pin="1"/><net_sink comp="245" pin=1"/></net>

<net id="253"><net_src comp="62" pin="0"/><net_sink comp="245" pin=2"/></net>

<net id="254"><net_src comp="64" pin="0"/><net_sink comp="245" pin=3"/></net>

<net id="259"><net_src comp="245" pin="4"/><net_sink comp="255" pin=0"/></net>

<net id="260"><net_src comp="26" pin="0"/><net_sink comp="255" pin=1"/></net>

<net id="267"><net_src comp="36" pin="0"/><net_sink comp="261" pin=0"/></net>

<net id="268"><net_src comp="125" pin="1"/><net_sink comp="261" pin=1"/></net>

<net id="269"><net_src comp="66" pin="0"/><net_sink comp="261" pin=2"/></net>

<net id="270"><net_src comp="68" pin="0"/><net_sink comp="261" pin=3"/></net>

<net id="275"><net_src comp="261" pin="4"/><net_sink comp="271" pin=0"/></net>

<net id="276"><net_src comp="26" pin="0"/><net_sink comp="271" pin=1"/></net>

<net id="283"><net_src comp="36" pin="0"/><net_sink comp="277" pin=0"/></net>

<net id="284"><net_src comp="125" pin="1"/><net_sink comp="277" pin=1"/></net>

<net id="285"><net_src comp="70" pin="0"/><net_sink comp="277" pin=2"/></net>

<net id="286"><net_src comp="72" pin="0"/><net_sink comp="277" pin=3"/></net>

<net id="291"><net_src comp="277" pin="4"/><net_sink comp="287" pin=0"/></net>

<net id="292"><net_src comp="26" pin="0"/><net_sink comp="287" pin=1"/></net>

<net id="299"><net_src comp="36" pin="0"/><net_sink comp="293" pin=0"/></net>

<net id="300"><net_src comp="125" pin="1"/><net_sink comp="293" pin=1"/></net>

<net id="301"><net_src comp="74" pin="0"/><net_sink comp="293" pin=2"/></net>

<net id="302"><net_src comp="76" pin="0"/><net_sink comp="293" pin=3"/></net>

<net id="307"><net_src comp="293" pin="4"/><net_sink comp="303" pin=0"/></net>

<net id="308"><net_src comp="26" pin="0"/><net_sink comp="303" pin=1"/></net>

<net id="315"><net_src comp="36" pin="0"/><net_sink comp="309" pin=0"/></net>

<net id="316"><net_src comp="125" pin="1"/><net_sink comp="309" pin=1"/></net>

<net id="317"><net_src comp="78" pin="0"/><net_sink comp="309" pin=2"/></net>

<net id="318"><net_src comp="80" pin="0"/><net_sink comp="309" pin=3"/></net>

<net id="323"><net_src comp="309" pin="4"/><net_sink comp="319" pin=0"/></net>

<net id="324"><net_src comp="26" pin="0"/><net_sink comp="319" pin=1"/></net>

<net id="331"><net_src comp="36" pin="0"/><net_sink comp="325" pin=0"/></net>

<net id="332"><net_src comp="125" pin="1"/><net_sink comp="325" pin=1"/></net>

<net id="333"><net_src comp="82" pin="0"/><net_sink comp="325" pin=2"/></net>

<net id="334"><net_src comp="84" pin="0"/><net_sink comp="325" pin=3"/></net>

<net id="339"><net_src comp="325" pin="4"/><net_sink comp="335" pin=0"/></net>

<net id="340"><net_src comp="26" pin="0"/><net_sink comp="335" pin=1"/></net>

<net id="347"><net_src comp="36" pin="0"/><net_sink comp="341" pin=0"/></net>

<net id="348"><net_src comp="125" pin="1"/><net_sink comp="341" pin=1"/></net>

<net id="349"><net_src comp="86" pin="0"/><net_sink comp="341" pin=2"/></net>

<net id="350"><net_src comp="88" pin="0"/><net_sink comp="341" pin=3"/></net>

<net id="355"><net_src comp="341" pin="4"/><net_sink comp="351" pin=0"/></net>

<net id="356"><net_src comp="26" pin="0"/><net_sink comp="351" pin=1"/></net>

<net id="363"><net_src comp="36" pin="0"/><net_sink comp="357" pin=0"/></net>

<net id="364"><net_src comp="125" pin="1"/><net_sink comp="357" pin=1"/></net>

<net id="365"><net_src comp="90" pin="0"/><net_sink comp="357" pin=2"/></net>

<net id="366"><net_src comp="92" pin="0"/><net_sink comp="357" pin=3"/></net>

<net id="371"><net_src comp="357" pin="4"/><net_sink comp="367" pin=0"/></net>

<net id="372"><net_src comp="26" pin="0"/><net_sink comp="367" pin=1"/></net>

<net id="379"><net_src comp="36" pin="0"/><net_sink comp="373" pin=0"/></net>

<net id="380"><net_src comp="125" pin="1"/><net_sink comp="373" pin=1"/></net>

<net id="381"><net_src comp="94" pin="0"/><net_sink comp="373" pin=2"/></net>

<net id="382"><net_src comp="96" pin="0"/><net_sink comp="373" pin=3"/></net>

<net id="387"><net_src comp="373" pin="4"/><net_sink comp="383" pin=0"/></net>

<net id="388"><net_src comp="26" pin="0"/><net_sink comp="383" pin=1"/></net>

<net id="408"><net_src comp="98" pin="0"/><net_sink comp="389" pin=0"/></net>

<net id="409"><net_src comp="383" pin="2"/><net_sink comp="389" pin=1"/></net>

<net id="410"><net_src comp="367" pin="2"/><net_sink comp="389" pin=2"/></net>

<net id="411"><net_src comp="351" pin="2"/><net_sink comp="389" pin=3"/></net>

<net id="412"><net_src comp="335" pin="2"/><net_sink comp="389" pin=4"/></net>

<net id="413"><net_src comp="319" pin="2"/><net_sink comp="389" pin=5"/></net>

<net id="414"><net_src comp="303" pin="2"/><net_sink comp="389" pin=6"/></net>

<net id="415"><net_src comp="287" pin="2"/><net_sink comp="389" pin=7"/></net>

<net id="416"><net_src comp="271" pin="2"/><net_sink comp="389" pin=8"/></net>

<net id="417"><net_src comp="255" pin="2"/><net_sink comp="389" pin=9"/></net>

<net id="418"><net_src comp="239" pin="2"/><net_sink comp="389" pin=10"/></net>

<net id="419"><net_src comp="223" pin="2"/><net_sink comp="389" pin=11"/></net>

<net id="420"><net_src comp="207" pin="2"/><net_sink comp="389" pin=12"/></net>

<net id="421"><net_src comp="191" pin="2"/><net_sink comp="389" pin=13"/></net>

<net id="422"><net_src comp="175" pin="2"/><net_sink comp="389" pin=14"/></net>

<net id="423"><net_src comp="159" pin="2"/><net_sink comp="389" pin=15"/></net>

<net id="424"><net_src comp="143" pin="2"/><net_sink comp="389" pin=16"/></net>

<net id="425"><net_src comp="389" pin="17"/><net_sink comp="112" pin=4"/></net>

</net_list>

</model> 
---------------- Datapath Model END ------------------

* FSMD analyzer results:
  - Output states:
	Port: m_axis_V_data_V | {2 }
	Port: m_axis_V_keep_V | {2 }
	Port: m_axis_V_last_V | {2 }
 - Input state : 
	Port: example_stream_plus1<512, 512> : s_axis_V_data_V | {2 }
	Port: example_stream_plus1<512, 512> : s_axis_V_keep_V | {2 }
	Port: example_stream_plus1<512, 512> : s_axis_V_last_V | {2 }
  - Chain level:
	State 1
	State 2
		trunc_ln674 : 1
		add_ln215 : 2
		p_Result_3_1 : 1
		add_ln215_1 : 2
		p_Result_3_2 : 1
		add_ln215_2 : 2
		p_Result_3_3 : 1
		add_ln215_3 : 2
		p_Result_3_4 : 1
		add_ln215_4 : 2
		p_Result_3_5 : 1
		add_ln215_5 : 2
		p_Result_3_6 : 1
		add_ln215_6 : 2
		p_Result_3_7 : 1
		add_ln215_7 : 2
		p_Result_3_8 : 1
		add_ln215_8 : 2
		p_Result_3_9 : 1
		add_ln215_9 : 2
		p_Result_3_s : 1
		add_ln215_10 : 2
		p_Result_3_10 : 1
		add_ln215_11 : 2
		p_Result_3_11 : 1
		add_ln215_12 : 2
		p_Result_3_12 : 1
		add_ln215_13 : 2
		p_Result_3_13 : 1
		add_ln215_14 : 2
		p_Result_3_14 : 1
		add_ln215_15 : 2
		p_Result_4_s : 3
		write_ln401 : 4
		br_ln95 : 1
	State 3


============================================================
+ Verbose Summary: Datapath Resource usage 
============================================================

* Functional unit list:
|----------|--------------------------|---------|---------|
| Operation|      Functional Unit     |    FF   |   LUT   |
|----------|--------------------------|---------|---------|
|          |     add_ln215_fu_143     |    0    |    39   |
|          |    add_ln215_1_fu_159    |    0    |    39   |
|          |    add_ln215_2_fu_175    |    0    |    39   |
|          |    add_ln215_3_fu_191    |    0    |    39   |
|          |    add_ln215_4_fu_207    |    0    |    39   |
|          |    add_ln215_5_fu_223    |    0    |    39   |
|          |    add_ln215_6_fu_239    |    0    |    39   |
|    add   |    add_ln215_7_fu_255    |    0    |    39   |
|          |    add_ln215_8_fu_271    |    0    |    39   |
|          |    add_ln215_9_fu_287    |    0    |    39   |
|          |    add_ln215_10_fu_303   |    0    |    39   |
|          |    add_ln215_11_fu_319   |    0    |    39   |
|          |    add_ln215_12_fu_335   |    0    |    39   |
|          |    add_ln215_13_fu_351   |    0    |    39   |
|          |    add_ln215_14_fu_367   |    0    |    39   |
|          |    add_ln215_15_fu_383   |    0    |    39   |
|----------|--------------------------|---------|---------|
|   read   |     empty_read_fu_102    |    0    |    0    |
|----------|--------------------------|---------|---------|
|   write  | write_ln401_write_fu_112 |    0    |    0    |
|----------|--------------------------|---------|---------|
|          |       tmp_V_fu_125       |    0    |    0    |
|extractvalue|      tmp_V_1_fu_129      |    0    |    0    |
|          |     acc_last_V_fu_134    |    0    |    0    |
|----------|--------------------------|---------|---------|
|   trunc  |    trunc_ln674_fu_139    |    0    |    0    |
|----------|--------------------------|---------|---------|
|          |    p_Result_3_1_fu_149   |    0    |    0    |
|          |    p_Result_3_2_fu_165   |    0    |    0    |
|          |    p_Result_3_3_fu_181   |    0    |    0    |
|          |    p_Result_3_4_fu_197   |    0    |    0    |
|          |    p_Result_3_5_fu_213   |    0    |    0    |
|          |    p_Result_3_6_fu_229   |    0    |    0    |
|          |    p_Result_3_7_fu_245   |    0    |    0    |
|partselect|    p_Result_3_8_fu_261   |    0    |    0    |
|          |    p_Result_3_9_fu_277   |    0    |    0    |
|          |    p_Result_3_s_fu_293   |    0    |    0    |
|          |   p_Result_3_10_fu_309   |    0    |    0    |
|          |   p_Result_3_11_fu_325   |    0    |    0    |
|          |   p_Result_3_12_fu_341   |    0    |    0    |
|          |   p_Result_3_13_fu_357   |    0    |    0    |
|          |   p_Result_3_14_fu_373   |    0    |    0    |
|----------|--------------------------|---------|---------|
|bitconcatenate|    p_Result_4_s_fu_389   |    0    |    0    |
|----------|--------------------------|---------|---------|
|   Total  |                          |    0    |   624   |
|----------|--------------------------|---------|---------|

Memories:
N/A

* Register list:
N/A

* Multiplexer (MUX) list: 
|--------|------|------|------|--------|
|  Comp  |  Pin | Size |  BW  | S x BW |
|--------|------|------|------|--------|
|  Total |      |      |      |    0   |
|--------|------|------|------|--------|



* Summary:
+-----------+--------+--------+
|           |   FF   |   LUT  |
+-----------+--------+--------+
|  Function |    0   |   624  |
|   Memory  |    -   |    -   |
|Multiplexer|    -   |    -   |
|  Register |    -   |    -   |
+-----------+--------+--------+
|   Total   |    0   |   624  |
+-----------+--------+--------+
