

================================================================
== Vitis HLS Report for 'rtl_kernel_wizard_1'
================================================================
* Date:           Fri Mar 19 09:41:01 2021

* Version:        2020.2 (Build 3064766 on Wed Nov 18 09:12:47 MST 2020)
* Project:        prj
* Solution:       sol (Vitis Kernel Flow Target)
* Product family: virtexuplus
* Target device:  xcu280-fsvh2892-2L-e


================================================================
== Performance Estimates
================================================================
+ Timing: 
    * Summary: 
    +--------+----------+----------+------------+
    |  Clock |  Target  | Estimated| Uncertainty|
    +--------+----------+----------+------------+
    |ap_clk  |  10.00 ns|  1.267 ns|     2.70 ns|
    +--------+----------+----------+------------+

+ Latency: 
    * Summary: 
    +---------+---------+----------+----------+-----+-----+---------+
    |  Latency (cycles) |  Latency (absolute) |  Interval | Pipeline|
    |   min   |   max   |    min   |    max   | min | max |   Type  |
    +---------+---------+----------+----------+-----+-----+---------+
    |        ?|        ?|         ?|         ?|    ?|    ?|     none|
    +---------+---------+----------+----------+-----+-----+---------+

    + Detail: 
        * Instance: 
        +------------------------------------------+--------------------------------+---------+---------+----------+----------+-----+-----+---------+
        |                                          |                                |  Latency (cycles) |  Latency (absolute) |  Interval | Pipeline|
        |                 Instance                 |             Module             |   min   |   max   |    min   |    max   | min | max |   Type  |
        +------------------------------------------+--------------------------------+---------+---------+----------+----------+-----+-----+---------+
        |grp_example_stream_plus1_512_512_s_fu_50  |example_stream_plus1_512_512_s  |        ?|        ?|         ?|         ?|    ?|    ?|     none|
        |grp_example_stream_plus1_512_512_s_fu_66  |example_stream_plus1_512_512_s  |        ?|        ?|         ?|         ?|    ?|    ?|     none|
        +------------------------------------------+--------------------------------+---------+---------+----------+----------+-----+-----+---------+

        * Loop: 
        N/A

============================================================
+ Verbose Summary: Synthesis Manager
============================================================
InlineROM: 1
ExposeGlobal: 0
============================================================
+ Verbose Summary: CDFG Model
============================================================
IsTopModel: 1
ResetActiveHigh: 1
IsCombinational: 0
IsDatapathOnly: 0
HasWiredReturn: 1
HasMFsm: 0
HasVarLatency: 1
IsPipeline: 0
IsRtlPipelined: 0
IsInstanceOverlapped: 0
IsDontTouch: 0
HasImplIP: 0
IsGatedGlobalClock: 0


============================================================
+ Verbose Summary: Schedule
============================================================
* Number of FSM states : 4
* Pipeline : 0
* Dataflow Pipeline: 0

* FSM state transitions: 
1 --> 2 
2 --> 3 
3 --> 4 
4 --> 

* FSM state operations: 

State 1 <SV = 0> <Delay = 0.00>

State 2 <SV = 1> <Delay = 1.26>
ST_2 : Operation 5 [2/2] (1.26ns)   --->   "%call_ln127 = call void @example_stream_plus1<512, 512>, i512 %mac0_s_V_data_V, i64 %mac0_s_V_keep_V, i1 %mac0_s_V_last_V, i512 %mac0_m_V_data_V, i64 %mac0_m_V_keep_V, i1 %mac0_m_V_last_V" [../rtl_kernel_wizard_1_cmodel.cpp:127]   --->   Operation 5 'call' 'call_ln127' <Predicate = true> <Delay = 1.26> <CoreType = "Generic">   --->   Core 0 '' <Latency = 0> <II = 1> <Delay = 1.00> <Generic> <Opcode : >
ST_2 : Operation 6 [2/2] (1.26ns)   --->   "%call_ln131 = call void @example_stream_plus1<512, 512>, i512 %mac1_s_V_data_V, i64 %mac1_s_V_keep_V, i1 %mac1_s_V_last_V, i512 %mac1_m_V_data_V, i64 %mac1_m_V_keep_V, i1 %mac1_m_V_last_V" [../rtl_kernel_wizard_1_cmodel.cpp:131]   --->   Operation 6 'call' 'call_ln131' <Predicate = true> <Delay = 1.26> <CoreType = "Generic">   --->   Core 0 '' <Latency = 0> <II = 1> <Delay = 1.00> <Generic> <Opcode : >

State 3 <SV = 2> <Delay = 0.88>
ST_3 : Operation 7 [1/2] (0.88ns)   --->   "%call_ln127 = call void @example_stream_plus1<512, 512>, i512 %mac0_s_V_data_V, i64 %mac0_s_V_keep_V, i1 %mac0_s_V_last_V, i512 %mac0_m_V_data_V, i64 %mac0_m_V_keep_V, i1 %mac0_m_V_last_V" [../rtl_kernel_wizard_1_cmodel.cpp:127]   --->   Operation 7 'call' 'call_ln127' <Predicate = true> <Delay = 0.88> <CoreType = "Generic">   --->   Core 0 '' <Latency = 0> <II = 1> <Delay = 1.00> <Generic> <Opcode : >
ST_3 : Operation 8 [1/2] (0.88ns)   --->   "%call_ln131 = call void @example_stream_plus1<512, 512>, i512 %mac1_s_V_data_V, i64 %mac1_s_V_keep_V, i1 %mac1_s_V_last_V, i512 %mac1_m_V_data_V, i64 %mac1_m_V_keep_V, i1 %mac1_m_V_last_V" [../rtl_kernel_wizard_1_cmodel.cpp:131]   --->   Operation 8 'call' 'call_ln131' <Predicate = true> <Delay = 0.88> <CoreType = "Generic">   --->   Core 0 '' <Latency = 0> <II = 1> <Delay = 1.00> <Generic> <Opcode : >

State 4 <SV = 3> <Delay = 0.00>
ST_4 : Operation 9 [1/1] (0.00ns)   --->   "%spectopmodule_ln0 = spectopmodule void @_ssdm_op_SpecTopModule, void @empty_4"   --->   Operation 9 'spectopmodule' 'spectopmodule_ln0' <Predicate = true> <Delay = 0.00>
ST_4 : Operation 10 [1/1] (0.00ns)   --->   "%specinterface_ln0 = specinterface void @_ssdm_op_SpecInterface, i32 0, void @empty_5, i32 0, i32 0, void @empty_1, i32 0, i32 0, void @empty_1, void @empty_1, void @empty_1, i32 0, i32 0, i32 0, i32 0, void @empty_1, void @empty_1"   --->   Operation 10 'specinterface' 'specinterface_ln0' <Predicate = true> <Delay = 0.00>
ST_4 : Operation 11 [1/1] (0.00ns)   --->   "%specinterface_ln0 = specinterface void @_ssdm_op_SpecInterface, i512 %mac0_m_V_data_V, i64 %mac0_m_V_keep_V, i1 %mac0_m_V_last_V, void @empty, i32 1, i32 1, void @empty_0, i32 0, i32 0, void @empty_1, void @empty_1, void @empty_1, i32 0, i32 0, i32 0, i32 0, void @empty_1, void @empty_1"   --->   Operation 11 'specinterface' 'specinterface_ln0' <Predicate = true> <Delay = 0.00>
ST_4 : Operation 12 [1/1] (0.00ns)   --->   "%specbitsmap_ln0 = specbitsmap void @_ssdm_op_SpecBitsMap, i512 %mac0_m_V_data_V"   --->   Operation 12 'specbitsmap' 'specbitsmap_ln0' <Predicate = true> <Delay = 0.00>
ST_4 : Operation 13 [1/1] (0.00ns)   --->   "%specbitsmap_ln0 = specbitsmap void @_ssdm_op_SpecBitsMap, i64 %mac0_m_V_keep_V"   --->   Operation 13 'specbitsmap' 'specbitsmap_ln0' <Predicate = true> <Delay = 0.00>
ST_4 : Operation 14 [1/1] (0.00ns)   --->   "%specbitsmap_ln0 = specbitsmap void @_ssdm_op_SpecBitsMap, i1 %mac0_m_V_last_V"   --->   Operation 14 'specbitsmap' 'specbitsmap_ln0' <Predicate = true> <Delay = 0.00>
ST_4 : Operation 15 [1/1] (0.00ns)   --->   "%specinterface_ln0 = specinterface void @_ssdm_op_SpecInterface, i512 %mac0_s_V_data_V, i64 %mac0_s_V_keep_V, i1 %mac0_s_V_last_V, void @empty, i32 1, i32 1, void @empty_0, i32 0, i32 0, void @empty_1, void @empty_1, void @empty_1, i32 0, i32 0, i32 0, i32 0, void @empty_1, void @empty_1"   --->   Operation 15 'specinterface' 'specinterface_ln0' <Predicate = true> <Delay = 0.00>
ST_4 : Operation 16 [1/1] (0.00ns)   --->   "%specbitsmap_ln0 = specbitsmap void @_ssdm_op_SpecBitsMap, i512 %mac0_s_V_data_V"   --->   Operation 16 'specbitsmap' 'specbitsmap_ln0' <Predicate = true> <Delay = 0.00>
ST_4 : Operation 17 [1/1] (0.00ns)   --->   "%specbitsmap_ln0 = specbitsmap void @_ssdm_op_SpecBitsMap, i64 %mac0_s_V_keep_V"   --->   Operation 17 'specbitsmap' 'specbitsmap_ln0' <Predicate = true> <Delay = 0.00>
ST_4 : Operation 18 [1/1] (0.00ns)   --->   "%specbitsmap_ln0 = specbitsmap void @_ssdm_op_SpecBitsMap, i1 %mac0_s_V_last_V"   --->   Operation 18 'specbitsmap' 'specbitsmap_ln0' <Predicate = true> <Delay = 0.00>
ST_4 : Operation 19 [1/1] (0.00ns)   --->   "%specinterface_ln0 = specinterface void @_ssdm_op_SpecInterface, i512 %mac1_m_V_data_V, i64 %mac1_m_V_keep_V, i1 %mac1_m_V_last_V, void @empty, i32 1, i32 1, void @empty_0, i32 0, i32 0, void @empty_1, void @empty_1, void @empty_1, i32 0, i32 0, i32 0, i32 0, void @empty_1, void @empty_1"   --->   Operation 19 'specinterface' 'specinterface_ln0' <Predicate = true> <Delay = 0.00>
ST_4 : Operation 20 [1/1] (0.00ns)   --->   "%specbitsmap_ln0 = specbitsmap void @_ssdm_op_SpecBitsMap, i512 %mac1_m_V_data_V"   --->   Operation 20 'specbitsmap' 'specbitsmap_ln0' <Predicate = true> <Delay = 0.00>
ST_4 : Operation 21 [1/1] (0.00ns)   --->   "%specbitsmap_ln0 = specbitsmap void @_ssdm_op_SpecBitsMap, i64 %mac1_m_V_keep_V"   --->   Operation 21 'specbitsmap' 'specbitsmap_ln0' <Predicate = true> <Delay = 0.00>
ST_4 : Operation 22 [1/1] (0.00ns)   --->   "%specbitsmap_ln0 = specbitsmap void @_ssdm_op_SpecBitsMap, i1 %mac1_m_V_last_V"   --->   Operation 22 'specbitsmap' 'specbitsmap_ln0' <Predicate = true> <Delay = 0.00>
ST_4 : Operation 23 [1/1] (0.00ns)   --->   "%specinterface_ln0 = specinterface void @_ssdm_op_SpecInterface, i512 %mac1_s_V_data_V, i64 %mac1_s_V_keep_V, i1 %mac1_s_V_last_V, void @empty, i32 1, i32 1, void @empty_0, i32 0, i32 0, void @empty_1, void @empty_1, void @empty_1, i32 0, i32 0, i32 0, i32 0, void @empty_1, void @empty_1"   --->   Operation 23 'specinterface' 'specinterface_ln0' <Predicate = true> <Delay = 0.00>
ST_4 : Operation 24 [1/1] (0.00ns)   --->   "%specbitsmap_ln0 = specbitsmap void @_ssdm_op_SpecBitsMap, i512 %mac1_s_V_data_V"   --->   Operation 24 'specbitsmap' 'specbitsmap_ln0' <Predicate = true> <Delay = 0.00>
ST_4 : Operation 25 [1/1] (0.00ns)   --->   "%specbitsmap_ln0 = specbitsmap void @_ssdm_op_SpecBitsMap, i64 %mac1_s_V_keep_V"   --->   Operation 25 'specbitsmap' 'specbitsmap_ln0' <Predicate = true> <Delay = 0.00>
ST_4 : Operation 26 [1/1] (0.00ns)   --->   "%specbitsmap_ln0 = specbitsmap void @_ssdm_op_SpecBitsMap, i1 %mac1_s_V_last_V"   --->   Operation 26 'specbitsmap' 'specbitsmap_ln0' <Predicate = true> <Delay = 0.00>
ST_4 : Operation 27 [1/1] (0.00ns)   --->   "%specinterface_ln0 = specinterface void @_ssdm_op_SpecInterface, i32 0, void @empty_2, i32 0, i32 0, void @empty_1, i32 0, i32 0, void @empty_3, void @empty_1, void @empty_1, i32 0, i32 0, i32 0, i32 0, void @empty_1, void @empty_1"   --->   Operation 27 'specinterface' 'specinterface_ln0' <Predicate = true> <Delay = 0.00>
ST_4 : Operation 28 [1/1] (0.00ns)   --->   "%ret_ln134 = ret" [../rtl_kernel_wizard_1_cmodel.cpp:134]   --->   Operation 28 'ret' 'ret_ln134' <Predicate = true> <Delay = 0.00>


============================================================
+ Verbose Summary: Binding
============================================================
STG Binding: 
---------------- STG Properties BEGIN ----------------
- Is combinational: 0
- Is one-state seq: 0
- Is datapath-only: 0
- Is pipelined: 0
- Is top level: 1
Port [ Return ] is wired: 1; IO mode=ap_ctrl_none:ce=0
Port [ mac0_m_V_data_V]:  wired=1; compound=1; hidden=0; nouse=0; global=0; static=0; extern=0; dir=1; type=0; pingpong=0; private_global=0; IO mode=axis:ce=0
Port [ mac0_m_V_keep_V]:  wired=1; compound=1; hidden=0; nouse=0; global=0; static=0; extern=0; dir=1; type=0; pingpong=0; private_global=0; IO mode=axis:ce=0
Port [ mac0_m_V_last_V]:  wired=1; compound=1; hidden=0; nouse=0; global=0; static=0; extern=0; dir=1; type=0; pingpong=0; private_global=0; IO mode=axis:ce=0
Port [ mac0_s_V_data_V]:  wired=1; compound=1; hidden=0; nouse=0; global=0; static=0; extern=0; dir=0; type=0; pingpong=0; private_global=0; IO mode=axis:ce=0
Port [ mac0_s_V_keep_V]:  wired=1; compound=1; hidden=0; nouse=0; global=0; static=0; extern=0; dir=0; type=0; pingpong=0; private_global=0; IO mode=axis:ce=0
Port [ mac0_s_V_last_V]:  wired=1; compound=1; hidden=0; nouse=0; global=0; static=0; extern=0; dir=0; type=0; pingpong=0; private_global=0; IO mode=axis:ce=0
Port [ mac1_m_V_data_V]:  wired=1; compound=1; hidden=0; nouse=0; global=0; static=0; extern=0; dir=1; type=0; pingpong=0; private_global=0; IO mode=axis:ce=0
Port [ mac1_m_V_keep_V]:  wired=1; compound=1; hidden=0; nouse=0; global=0; static=0; extern=0; dir=1; type=0; pingpong=0; private_global=0; IO mode=axis:ce=0
Port [ mac1_m_V_last_V]:  wired=1; compound=1; hidden=0; nouse=0; global=0; static=0; extern=0; dir=1; type=0; pingpong=0; private_global=0; IO mode=axis:ce=0
Port [ mac1_s_V_data_V]:  wired=1; compound=1; hidden=0; nouse=0; global=0; static=0; extern=0; dir=0; type=0; pingpong=0; private_global=0; IO mode=axis:ce=0
Port [ mac1_s_V_keep_V]:  wired=1; compound=1; hidden=0; nouse=0; global=0; static=0; extern=0; dir=0; type=0; pingpong=0; private_global=0; IO mode=axis:ce=0
Port [ mac1_s_V_last_V]:  wired=1; compound=1; hidden=0; nouse=0; global=0; static=0; extern=0; dir=0; type=0; pingpong=0; private_global=0; IO mode=axis:ce=0
---------------- STG Properties END ------------------

---------------- Datapath Model BEGIN ----------------

<LifeTime>
<method=bitvector/>
call_ln127        (call         ) [ 00000]
call_ln131        (call         ) [ 00000]
spectopmodule_ln0 (spectopmodule) [ 00000]
specinterface_ln0 (specinterface) [ 00000]
specinterface_ln0 (specinterface) [ 00000]
specbitsmap_ln0   (specbitsmap  ) [ 00000]
specbitsmap_ln0   (specbitsmap  ) [ 00000]
specbitsmap_ln0   (specbitsmap  ) [ 00000]
specinterface_ln0 (specinterface) [ 00000]
specbitsmap_ln0   (specbitsmap  ) [ 00000]
specbitsmap_ln0   (specbitsmap  ) [ 00000]
specbitsmap_ln0   (specbitsmap  ) [ 00000]
specinterface_ln0 (specinterface) [ 00000]
specbitsmap_ln0   (specbitsmap  ) [ 00000]
specbitsmap_ln0   (specbitsmap  ) [ 00000]
specbitsmap_ln0   (specbitsmap  ) [ 00000]
specinterface_ln0 (specinterface) [ 00000]
specbitsmap_ln0   (specbitsmap  ) [ 00000]
specbitsmap_ln0   (specbitsmap  ) [ 00000]
specbitsmap_ln0   (specbitsmap  ) [ 00000]
specinterface_ln0 (specinterface) [ 00000]
ret_ln134         (ret          ) [ 00000]
</LifeTime>

<model>

<comp_list>
<comp id="0" class="1000" name="mac0_m_V_data_V">
<pin_list>
<pin id="1" dir="1" index="0" bw="1" slack="0"/>
</pin_list>
<bind>
<StgValue><ssdm name="mac0_m_V_data_V"/></StgValue>
</bind>
</comp>

<comp id="2" class="1000" name="mac0_m_V_keep_V">
<pin_list>
<pin id="3" dir="1" index="0" bw="1" slack="0"/>
</pin_list>
<bind>
<StgValue><ssdm name="mac0_m_V_keep_V"/></StgValue>
</bind>
</comp>

<comp id="4" class="1000" name="mac0_m_V_last_V">
<pin_list>
<pin id="5" dir="1" index="0" bw="1" slack="0"/>
</pin_list>
<bind>
<StgValue><ssdm name="mac0_m_V_last_V"/></StgValue>
</bind>
</comp>

<comp id="6" class="1000" name="mac0_s_V_data_V">
<pin_list>
<pin id="7" dir="1" index="0" bw="1" slack="0"/>
</pin_list>
<bind>
<StgValue><ssdm name="mac0_s_V_data_V"/></StgValue>
</bind>
</comp>

<comp id="8" class="1000" name="mac0_s_V_keep_V">
<pin_list>
<pin id="9" dir="1" index="0" bw="1" slack="0"/>
</pin_list>
<bind>
<StgValue><ssdm name="mac0_s_V_keep_V"/></StgValue>
</bind>
</comp>

<comp id="10" class="1000" name="mac0_s_V_last_V">
<pin_list>
<pin id="11" dir="1" index="0" bw="1" slack="0"/>
</pin_list>
<bind>
<StgValue><ssdm name="mac0_s_V_last_V"/></StgValue>
</bind>
</comp>

<comp id="12" class="1000" name="mac1_m_V_data_V">
<pin_list>
<pin id="13" dir="1" index="0" bw="1" slack="0"/>
</pin_list>
<bind>
<StgValue><ssdm name="mac1_m_V_data_V"/></StgValue>
</bind>
</comp>

<comp id="14" class="1000" name="mac1_m_V_keep_V">
<pin_list>
<pin id="15" dir="1" index="0" bw="1" slack="0"/>
</pin_list>
<bind>
<StgValue><ssdm name="mac1_m_V_keep_V"/></StgValue>
</bind>
</comp>

<comp id="16" class="1000" name="mac1_m_V_last_V">
<pin_list>
<pin id="17" dir="1" index="0" bw="1" slack="0"/>
</pin_list>
<bind>
<StgValue><ssdm name="mac1_m_V_last_V"/></StgValue>
</bind>
</comp>

<comp id="18" class="1000" name="mac1_s_V_data_V">
<pin_list>
<pin id="19" dir="1" index="0" bw="1" slack="0"/>
</pin_list>
<bind>
<StgValue><ssdm name="mac1_s_V_data_V"/></StgValue>
</bind>
</comp>

<comp id="20" class="1000" name="mac1_s_V_keep_V">
<pin_list>
<pin id="21" dir="1" index="0" bw="1" slack="0"/>
</pin_list>
<bind>
<StgValue><ssdm name="mac1_s_V_keep_V"/></StgValue>
</bind>
</comp>

<comp id="22" class="1000" name="mac1_s_V_last_V">
<pin_list>
<pin id="23" dir="1" index="0" bw="1" slack="0"/>
</pin_list>
<bind>
<StgValue><ssdm name="mac1_s_V_last_V"/></StgValue>
</bind>
</comp>

<comp id="24" class="1001" name="const_24">
<pin_list>
<pin id="25" dir="1" index="0" bw="1" slack="0"/>
</pin_list>
<bind>
<StgValue><ssdm name="example_stream_plus1<512, 512>"/></StgValue>
</bind>
</comp>

<comp id="26" class="1001" name="const_26">
<pin_list>
<pin id="27" dir="1" index="0" bw="1" slack="2147483647"/>
</pin_list>
<bind>
<StgValue><ssdm name="_ssdm_op_SpecTopModule"/></StgValue>
</bind>
</comp>

<comp id="28" class="1001" name="const_28">
<pin_list>
<pin id="29" dir="1" index="0" bw="1" slack="2147483647"/>
</pin_list>
<bind>
<StgValue><ssdm name="empty_4"/></StgValue>
</bind>
</comp>

<comp id="30" class="1001" name="const_30">
<pin_list>
<pin id="31" dir="1" index="0" bw="1" slack="2147483647"/>
</pin_list>
<bind>
<StgValue><ssdm name="_ssdm_op_SpecInterface"/></StgValue>
</bind>
</comp>

<comp id="32" class="1001" name="const_32">
<pin_list>
<pin id="33" dir="1" index="0" bw="1" slack="2147483647"/>
</pin_list>
<bind>
<StgValue><ssdm name=""/></StgValue>
</bind>
</comp>

<comp id="34" class="1001" name="const_34">
<pin_list>
<pin id="35" dir="1" index="0" bw="1" slack="2147483647"/>
</pin_list>
<bind>
<StgValue><ssdm name="empty_5"/></StgValue>
</bind>
</comp>

<comp id="36" class="1001" name="const_36">
<pin_list>
<pin id="37" dir="1" index="0" bw="1" slack="2147483647"/>
</pin_list>
<bind>
<StgValue><ssdm name="empty_1"/></StgValue>
</bind>
</comp>

<comp id="38" class="1001" name="const_38">
<pin_list>
<pin id="39" dir="1" index="0" bw="1" slack="2147483647"/>
</pin_list>
<bind>
<StgValue><ssdm name="empty"/></StgValue>
</bind>
</comp>

<comp id="40" class="1001" name="const_40">
<pin_list>
<pin id="41" dir="1" index="0" bw="1" slack="2147483647"/>
</pin_list>
<bind>
<StgValue><ssdm name=""/></StgValue>
</bind>
</comp>

<comp id="42" class="1001" name="const_42">
<pin_list>
<pin id="43" dir="1" index="0" bw="1" slack="2147483647"/>
</pin_list>
<bind>
<StgValue><ssdm name="empty_0"/></StgValue>
</bind>
</comp>

<comp id="44" class="1001" name="const_44">
<pin_list>
<pin id="45" dir="1" index="0" bw="1" slack="2147483647"/>
</pin_list>
<bind>
<StgValue><ssdm name="_ssdm_op_SpecBitsMap"/></StgValue>
</bind>
</comp>

<comp id="46" class="1001" name="const_46">
<pin_list>
<pin id="47" dir="1" index="0" bw="1" slack="2147483647"/>
</pin_list>
<bind>
<StgValue><ssdm name="empty_2"/></StgValue>
</bind>
</comp>

<comp id="48" class="1001" name="const_48">
<pin_list>
<pin id="49" dir="1" index="0" bw="1" slack="2147483647"/>
</pin_list>
<bind>
<StgValue><ssdm name="empty_3"/></StgValue>
</bind>
</comp>

<comp id="50" class="1004" name="grp_example_stream_plus1_512_512_s_fu_50">
<pin_list>
<pin id="51" dir="0" index="0" bw="0" slack="0"/>
<pin id="52" dir="0" index="1" bw="512" slack="0"/>
<pin id="53" dir="0" index="2" bw="64" slack="0"/>
<pin id="54" dir="0" index="3" bw="1" slack="0"/>
<pin id="55" dir="0" index="4" bw="512" slack="0"/>
<pin id="56" dir="0" index="5" bw="64" slack="0"/>
<pin id="57" dir="0" index="6" bw="1" slack="0"/>
<pin id="58" dir="1" index="7" bw="0" slack="2147483647"/>
</pin_list>
<bind>
<opcode="call(48) " fcode="call"/>
<opset="call_ln127/2 "/>
</bind>
</comp>

<comp id="66" class="1004" name="grp_example_stream_plus1_512_512_s_fu_66">
<pin_list>
<pin id="67" dir="0" index="0" bw="0" slack="0"/>
<pin id="68" dir="0" index="1" bw="512" slack="0"/>
<pin id="69" dir="0" index="2" bw="64" slack="0"/>
<pin id="70" dir="0" index="3" bw="1" slack="0"/>
<pin id="71" dir="0" index="4" bw="512" slack="0"/>
<pin id="72" dir="0" index="5" bw="64" slack="0"/>
<pin id="73" dir="0" index="6" bw="1" slack="0"/>
<pin id="74" dir="1" index="7" bw="0" slack="2147483647"/>
</pin_list>
<bind>
<opcode="call(48) " fcode="call"/>
<opset="call_ln131/2 "/>
</bind>
</comp>

</comp_list>

<net_list>
<net id="59"><net_src comp="24" pin="0"/><net_sink comp="50" pin=0"/></net>

<net id="60"><net_src comp="6" pin="0"/><net_sink comp="50" pin=1"/></net>

<net id="61"><net_src comp="8" pin="0"/><net_sink comp="50" pin=2"/></net>

<net id="62"><net_src comp="10" pin="0"/><net_sink comp="50" pin=3"/></net>

<net id="63"><net_src comp="0" pin="0"/><net_sink comp="50" pin=4"/></net>

<net id="64"><net_src comp="2" pin="0"/><net_sink comp="50" pin=5"/></net>

<net id="65"><net_src comp="4" pin="0"/><net_sink comp="50" pin=6"/></net>

<net id="75"><net_src comp="24" pin="0"/><net_sink comp="66" pin=0"/></net>

<net id="76"><net_src comp="18" pin="0"/><net_sink comp="66" pin=1"/></net>

<net id="77"><net_src comp="20" pin="0"/><net_sink comp="66" pin=2"/></net>

<net id="78"><net_src comp="22" pin="0"/><net_sink comp="66" pin=3"/></net>

<net id="79"><net_src comp="12" pin="0"/><net_sink comp="66" pin=4"/></net>

<net id="80"><net_src comp="14" pin="0"/><net_sink comp="66" pin=5"/></net>

<net id="81"><net_src comp="16" pin="0"/><net_sink comp="66" pin=6"/></net>

</net_list>

</model> 
---------------- Datapath Model END ------------------

* FSMD analyzer results:
  - Output states:
	Port: mac0_m_V_data_V | {2 3 }
	Port: mac0_m_V_keep_V | {2 3 }
	Port: mac0_m_V_last_V | {2 3 }
	Port: mac1_m_V_data_V | {2 3 }
	Port: mac1_m_V_keep_V | {2 3 }
	Port: mac1_m_V_last_V | {2 3 }
 - Input state : 
	Port: rtl_kernel_wizard_1 : mac0_s_V_data_V | {2 3 }
	Port: rtl_kernel_wizard_1 : mac0_s_V_keep_V | {2 3 }
	Port: rtl_kernel_wizard_1 : mac0_s_V_last_V | {2 3 }
	Port: rtl_kernel_wizard_1 : mac1_s_V_data_V | {2 3 }
	Port: rtl_kernel_wizard_1 : mac1_s_V_keep_V | {2 3 }
	Port: rtl_kernel_wizard_1 : mac1_s_V_last_V | {2 3 }
  - Chain level:
	State 1
	State 2
	State 3
	State 4


============================================================
+ Verbose Summary: Datapath Resource usage 
============================================================

* Functional unit list:
|----------|------------------------------------------|---------|---------|
| Operation|              Functional Unit             |    FF   |   LUT   |
|----------|------------------------------------------|---------|---------|
|   call   | grp_example_stream_plus1_512_512_s_fu_50 |    0    |   624   |
|          | grp_example_stream_plus1_512_512_s_fu_66 |    0    |   624   |
|----------|------------------------------------------|---------|---------|
|   Total  |                                          |    0    |   1248  |
|----------|------------------------------------------|---------|---------|

Memories:
N/A

* Register list:
N/A

* Multiplexer (MUX) list: 
|--------|------|------|------|--------|
|  Comp  |  Pin | Size |  BW  | S x BW |
|--------|------|------|------|--------|
|  Total |      |      |      |    0   |
|--------|------|------|------|--------|



* Summary:
+-----------+--------+--------+
|           |   FF   |   LUT  |
+-----------+--------+--------+
|  Function |    0   |  1248  |
|   Memory  |    -   |    -   |
|Multiplexer|    -   |    -   |
|  Register |    -   |    -   |
+-----------+--------+--------+
|   Total   |    0   |  1248  |
+-----------+--------+--------+
